{"C:\\Users\\niraj\\Desktop\\ServiceHub\\src\\app.js": {"path":"C:\\Users\\niraj\\Desktop\\ServiceHub\\src\\app.js","statementMap":{"0":{"start":{"line":16,"column":0},"end":{"line":16,"column":32}},"1":{"start":{"line":18,"column":16},"end":{"line":18,"column":34}},"2":{"start":{"line":19,"column":13},"end":{"line":19,"column":28}},"3":{"start":{"line":20,"column":15},"end":{"line":20,"column":32}},"4":{"start":{"line":21,"column":12},"end":{"line":21,"column":26}},"5":{"start":{"line":22,"column":21},"end":{"line":22,"column":45}},"6":{"start":{"line":23,"column":18},"end":{"line":23,"column":47}},"7":{"start":{"line":25,"column":15},"end":{"line":25,"column":38}},"8":{"start":{"line":26,"column":20},"end":{"line":26,"column":47}},"9":{"start":{"line":27,"column":18},"end":{"line":27,"column":51}},"10":{"start":{"line":28,"column":22},"end":{"line":28,"column":59}},"11":{"start":{"line":29,"column":26},"end":{"line":29,"column":61}},"12":{"start":{"line":30,"column":35},"end":{"line":30,"column":71}},"13":{"start":{"line":31,"column":18},"end":{"line":31,"column":43}},"14":{"start":{"line":33,"column":12},"end":{"line":33,"column":21}},"15":{"start":{"line":42,"column":0},"end":{"line":42,"column":18}},"16":{"start":{"line":49,"column":0},"end":{"line":71,"column":2}},"17":{"start":{"line":53,"column":6},"end":{"line":55,"column":7}},"18":{"start":{"line":54,"column":8},"end":{"line":54,"column":36}},"19":{"start":{"line":59,"column":6},"end":{"line":64,"column":7}},"20":{"start":{"line":63,"column":8},"end":{"line":63,"column":36}},"21":{"start":{"line":65,"column":6},"end":{"line":65,"column":77}},"22":{"start":{"line":76,"column":0},"end":{"line":76,"column":41}},"23":{"start":{"line":77,"column":0},"end":{"line":77,"column":63}},"24":{"start":{"line":78,"column":0},"end":{"line":78,"column":24}},"25":{"start":{"line":85,"column":0},"end":{"line":85,"column":15}},"26":{"start":{"line":93,"column":0},"end":{"line":93,"column":19}},"27":{"start":{"line":98,"column":0},"end":{"line":98,"column":23}},"28":{"start":{"line":105,"column":0},"end":{"line":105,"column":31}},"29":{"start":{"line":112,"column":0},"end":{"line":122,"column":2}},"30":{"start":{"line":125,"column":0},"end":{"line":128,"column":3}},"31":{"start":{"line":126,"column":2},"end":{"line":126,"column":52}},"32":{"start":{"line":127,"column":2},"end":{"line":127,"column":24}},"33":{"start":{"line":133,"column":0},"end":{"line":133,"column":30}},"34":{"start":{"line":138,"column":0},"end":{"line":145,"column":3}},"35":{"start":{"line":139,"column":2},"end":{"line":144,"column":5}},"36":{"start":{"line":150,"column":0},"end":{"line":150,"column":18}},"37":{"start":{"line":155,"column":0},"end":{"line":155,"column":22}},"38":{"start":{"line":157,"column":0},"end":{"line":157,"column":21}}},"fnMap":{"0":{"name":"(anonymous_0)","decl":{"start":{"line":51,"column":12},"end":{"line":51,"column":13}},"loc":{"start":{"line":51,"column":34},"end":{"line":66,"column":5}},"line":51},"1":{"name":"(anonymous_1)","decl":{"start":{"line":125,"column":26},"end":{"line":125,"column":27}},"loc":{"start":{"line":125,"column":41},"end":{"line":128,"column":1}},"line":125},"2":{"name":"(anonymous_2)","decl":{"start":{"line":138,"column":13},"end":{"line":138,"column":14}},"loc":{"start":{"line":138,"column":28},"end":{"line":145,"column":1}},"line":138}},"branchMap":{"0":{"loc":{"start":{"line":53,"column":6},"end":{"line":55,"column":7}},"type":"if","locations":[{"start":{"line":53,"column":6},"end":{"line":55,"column":7}},{"start":{},"end":{}}],"line":53},"1":{"loc":{"start":{"line":59,"column":6},"end":{"line":64,"column":7}},"type":"if","locations":[{"start":{"line":59,"column":6},"end":{"line":64,"column":7}},{"start":{},"end":{}}],"line":59},"2":{"loc":{"start":{"line":60,"column":8},"end":{"line":61,"column":87}},"type":"binary-expr","locations":[{"start":{"line":60,"column":8},"end":{"line":60,"column":51}},{"start":{"line":61,"column":9},"end":{"line":61,"column":40}},{"start":{"line":61,"column":44},"end":{"line":61,"column":86}}],"line":60}},"s":{"0":7,"1":7,"2":7,"3":7,"4":7,"5":7,"6":7,"7":7,"8":7,"9":7,"10":7,"11":7,"12":7,"13":7,"14":7,"15":7,"16":7,"17":33,"18":33,"19":0,"20":0,"21":0,"22":7,"23":7,"24":7,"25":7,"26":7,"27":7,"28":7,"29":7,"30":7,"31":0,"32":0,"33":7,"34":7,"35":0,"36":7,"37":7,"38":7},"f":{"0":33,"1":0,"2":0},"b":{"0":[33,0],"1":[0,0],"2":[0,0,0]},"_coverageSchema":"1a1c01bbd47fc00a2c39e90264f33305004495a9","hash":"acb9af01951bd2803629bae600754b31bf0e7b99"}
,"C:\\Users\\niraj\\Desktop\\ServiceHub\\src\\errors\\auth.error.js": {"path":"C:\\Users\\niraj\\Desktop\\ServiceHub\\src\\errors\\auth.error.js","statementMap":{"0":{"start":{"line":3,"column":17},"end":{"line":3,"column":45}},"1":{"start":{"line":4,"column":24},"end":{"line":4,"column":52}},"2":{"start":{"line":11,"column":4},"end":{"line":11,"column":45}},"3":{"start":{"line":20,"column":4},"end":{"line":20,"column":45}},"4":{"start":{"line":29,"column":4},"end":{"line":29,"column":45}},"5":{"start":{"line":39,"column":4},"end":{"line":39,"column":42}},"6":{"start":{"line":43,"column":0},"end":{"line":48,"column":2}}},"fnMap":{"0":{"name":"(anonymous_0)","decl":{"start":{"line":10,"column":2},"end":{"line":10,"column":3}},"loc":{"start":{"line":10,"column":51},"end":{"line":12,"column":3}},"line":10},"1":{"name":"(anonymous_1)","decl":{"start":{"line":19,"column":2},"end":{"line":19,"column":3}},"loc":{"start":{"line":19,"column":56},"end":{"line":21,"column":3}},"line":19},"2":{"name":"(anonymous_2)","decl":{"start":{"line":28,"column":2},"end":{"line":28,"column":3}},"loc":{"start":{"line":28,"column":60},"end":{"line":30,"column":3}},"line":28},"3":{"name":"(anonymous_3)","decl":{"start":{"line":38,"column":2},"end":{"line":38,"column":3}},"loc":{"start":{"line":38,"column":77},"end":{"line":40,"column":3}},"line":38}},"branchMap":{"0":{"loc":{"start":{"line":10,"column":14},"end":{"line":10,"column":49}},"type":"default-arg","locations":[{"start":{"line":10,"column":24},"end":{"line":10,"column":49}}],"line":10},"1":{"loc":{"start":{"line":19,"column":14},"end":{"line":19,"column":54}},"type":"default-arg","locations":[{"start":{"line":19,"column":24},"end":{"line":19,"column":54}}],"line":19},"2":{"loc":{"start":{"line":28,"column":14},"end":{"line":28,"column":58}},"type":"default-arg","locations":[{"start":{"line":28,"column":24},"end":{"line":28,"column":58}}],"line":28},"3":{"loc":{"start":{"line":38,"column":14},"end":{"line":38,"column":75}},"type":"default-arg","locations":[{"start":{"line":38,"column":24},"end":{"line":38,"column":75}}],"line":38}},"s":{"0":7,"1":7,"2":0,"3":0,"4":0,"5":1,"6":7},"f":{"0":0,"1":0,"2":0,"3":1},"b":{"0":[0],"1":[0],"2":[0],"3":[0]},"_coverageSchema":"1a1c01bbd47fc00a2c39e90264f33305004495a9","hash":"87a854f6bcd24c719f54982d9f5a3ac12d834027"}
,"C:\\Users\\niraj\\Desktop\\ServiceHub\\src\\middleware\\auth.middleware.js": {"path":"C:\\Users\\niraj\\Desktop\\ServiceHub\\src\\middleware\\auth.middleware.js","statementMap":{"0":{"start":{"line":3,"column":30},"end":{"line":3,"column":58}},"1":{"start":{"line":4,"column":49},"end":{"line":4,"column":80}},"2":{"start":{"line":5,"column":15},"end":{"line":5,"column":42}},"3":{"start":{"line":6,"column":39},"end":{"line":6,"column":74}},"4":{"start":{"line":19,"column":21},"end":{"line":62,"column":1}},"5":{"start":{"line":21,"column":21},"end":{"line":21,"column":87}},"6":{"start":{"line":23,"column":2},"end":{"line":25,"column":3}},"7":{"start":{"line":24,"column":4},"end":{"line":24,"column":68}},"8":{"start":{"line":28,"column":16},"end":{"line":28,"column":40}},"9":{"start":{"line":29,"column":2},"end":{"line":31,"column":3}},"10":{"start":{"line":30,"column":4},"end":{"line":30,"column":34}},"11":{"start":{"line":34,"column":25},"end":{"line":34,"column":49}},"12":{"start":{"line":37,"column":15},"end":{"line":44,"column":4}},"13":{"start":{"line":46,"column":2},"end":{"line":48,"column":3}},"14":{"start":{"line":47,"column":4},"end":{"line":47,"column":86}},"15":{"start":{"line":50,"column":2},"end":{"line":52,"column":3}},"16":{"start":{"line":51,"column":4},"end":{"line":51,"column":92}},"17":{"start":{"line":54,"column":2},"end":{"line":56,"column":3}},"18":{"start":{"line":55,"column":4},"end":{"line":55,"column":71}},"19":{"start":{"line":59,"column":2},"end":{"line":59,"column":18}},"20":{"start":{"line":61,"column":2},"end":{"line":61,"column":9}},"21":{"start":{"line":64,"column":0},"end":{"line":64,"column":30}}},"fnMap":{"0":{"name":"(anonymous_0)","decl":{"start":{"line":19,"column":21},"end":{"line":19,"column":22}},"loc":{"start":{"line":19,"column":48},"end":{"line":62,"column":1}},"line":19}},"branchMap":{"0":{"loc":{"start":{"line":21,"column":21},"end":{"line":21,"column":87}},"type":"binary-expr","locations":[{"start":{"line":21,"column":21},"end":{"line":21,"column":45}},{"start":{"line":21,"column":49},"end":{"line":21,"column":87}}],"line":21},"1":{"loc":{"start":{"line":23,"column":2},"end":{"line":25,"column":3}},"type":"if","locations":[{"start":{"line":23,"column":2},"end":{"line":25,"column":3}},{"start":{},"end":{}}],"line":23},"2":{"loc":{"start":{"line":23,"column":6},"end":{"line":23,"column":58}},"type":"binary-expr","locations":[{"start":{"line":23,"column":6},"end":{"line":23,"column":17}},{"start":{"line":23,"column":21},"end":{"line":23,"column":58}}],"line":23},"3":{"loc":{"start":{"line":29,"column":2},"end":{"line":31,"column":3}},"type":"if","locations":[{"start":{"line":29,"column":2},"end":{"line":31,"column":3}},{"start":{},"end":{}}],"line":29},"4":{"loc":{"start":{"line":46,"column":2},"end":{"line":48,"column":3}},"type":"if","locations":[{"start":{"line":46,"column":2},"end":{"line":48,"column":3}},{"start":{},"end":{}}],"line":46},"5":{"loc":{"start":{"line":50,"column":2},"end":{"line":52,"column":3}},"type":"if","locations":[{"start":{"line":50,"column":2},"end":{"line":52,"column":3}},{"start":{},"end":{}}],"line":50},"6":{"loc":{"start":{"line":54,"column":2},"end":{"line":56,"column":3}},"type":"if","locations":[{"start":{"line":54,"column":2},"end":{"line":56,"column":3}},{"start":{},"end":{}}],"line":54}},"s":{"0":7,"1":7,"2":7,"3":7,"4":7,"5":28,"6":28,"7":0,"8":28,"9":28,"10":0,"11":28,"12":28,"13":28,"14":0,"15":28,"16":0,"17":28,"18":0,"19":28,"20":28,"21":7},"f":{"0":28},"b":{"0":[28,0],"1":[0,28],"2":[28,28],"3":[0,28],"4":[0,28],"5":[0,28],"6":[0,28]},"_coverageSchema":"1a1c01bbd47fc00a2c39e90264f33305004495a9","hash":"a73292f9a7ccbd7ec1e02a8b37ff20b94c5bc24c"}
,"C:\\Users\\niraj\\Desktop\\ServiceHub\\src\\middleware\\errorHandler.js": {"path":"C:\\Users\\niraj\\Desktop\\ServiceHub\\src\\middleware\\errorHandler.js","statementMap":{"0":{"start":{"line":3,"column":24},"end":{"line":3,"column":52}},"1":{"start":{"line":4,"column":17},"end":{"line":4,"column":45}},"2":{"start":{"line":5,"column":20},"end":{"line":5,"column":51}},"3":{"start":{"line":6,"column":15},"end":{"line":6,"column":41}},"4":{"start":{"line":7,"column":15},"end":{"line":7,"column":39}},"5":{"start":{"line":29,"column":26},"end":{"line":56,"column":1}},"6":{"start":{"line":31,"column":2},"end":{"line":34,"column":3}},"7":{"start":{"line":32,"column":18},"end":{"line":32,"column":50}},"8":{"start":{"line":33,"column":4},"end":{"line":33,"column":93}},"9":{"start":{"line":37,"column":2},"end":{"line":39,"column":3}},"10":{"start":{"line":38,"column":4},"end":{"line":38,"column":86}},"11":{"start":{"line":42,"column":2},"end":{"line":47,"column":3}},"12":{"start":{"line":43,"column":4},"end":{"line":46,"column":6}},"13":{"start":{"line":50,"column":2},"end":{"line":52,"column":3}},"14":{"start":{"line":51,"column":4},"end":{"line":51,"column":85}},"15":{"start":{"line":55,"column":2},"end":{"line":55,"column":87}},"16":{"start":{"line":59,"column":23},"end":{"line":60,"column":90}},"17":{"start":{"line":60,"column":2},"end":{"line":60,"column":90}},"18":{"start":{"line":63,"column":21},"end":{"line":102,"column":1}},"19":{"start":{"line":64,"column":14},"end":{"line":64,"column":17}},"20":{"start":{"line":67,"column":2},"end":{"line":71,"column":3}},"21":{"start":{"line":68,"column":4},"end":{"line":68,"column":35}},"22":{"start":{"line":69,"column":9},"end":{"line":71,"column":3}},"23":{"start":{"line":70,"column":4},"end":{"line":70,"column":29}},"24":{"start":{"line":74,"column":21},"end":{"line":74,"column":74}},"25":{"start":{"line":75,"column":24},"end":{"line":75,"column":52}},"26":{"start":{"line":78,"column":2},"end":{"line":88,"column":3}},"27":{"start":{"line":80,"column":4},"end":{"line":80,"column":88}},"28":{"start":{"line":83,"column":4},"end":{"line":87,"column":7}},"29":{"start":{"line":91,"column":18},"end":{"line":95,"column":21}},"30":{"start":{"line":97,"column":2},"end":{"line":101,"column":5}},"31":{"start":{"line":110,"column":17},"end":{"line":112,"column":1}},"32":{"start":{"line":111,"column":2},"end":{"line":111,"column":87}},"33":{"start":{"line":114,"column":0},"end":{"line":114,"column":44}}},"fnMap":{"0":{"name":"(anonymous_0)","decl":{"start":{"line":29,"column":26},"end":{"line":29,"column":27}},"loc":{"start":{"line":29,"column":35},"end":{"line":56,"column":1}},"line":29},"1":{"name":"(anonymous_1)","decl":{"start":{"line":59,"column":23},"end":{"line":59,"column":24}},"loc":{"start":{"line":60,"column":2},"end":{"line":60,"column":90}},"line":60},"2":{"name":"(anonymous_2)","decl":{"start":{"line":63,"column":21},"end":{"line":63,"column":22}},"loc":{"start":{"line":63,"column":47},"end":{"line":102,"column":1}},"line":63},"3":{"name":"(anonymous_3)","decl":{"start":{"line":110,"column":17},"end":{"line":110,"column":18}},"loc":{"start":{"line":110,"column":38},"end":{"line":112,"column":1}},"line":110}},"branchMap":{"0":{"loc":{"start":{"line":31,"column":2},"end":{"line":34,"column":3}},"type":"if","locations":[{"start":{"line":31,"column":2},"end":{"line":34,"column":3}},{"start":{},"end":{}}],"line":31},"1":{"loc":{"start":{"line":32,"column":18},"end":{"line":32,"column":50}},"type":"binary-expr","locations":[{"start":{"line":32,"column":18},"end":{"line":32,"column":39}},{"start":{"line":32,"column":43},"end":{"line":32,"column":50}}],"line":32},"2":{"loc":{"start":{"line":37,"column":2},"end":{"line":39,"column":3}},"type":"if","locations":[{"start":{"line":37,"column":2},"end":{"line":39,"column":3}},{"start":{},"end":{}}],"line":37},"3":{"loc":{"start":{"line":42,"column":2},"end":{"line":47,"column":3}},"type":"if","locations":[{"start":{"line":42,"column":2},"end":{"line":47,"column":3}},{"start":{},"end":{}}],"line":42},"4":{"loc":{"start":{"line":50,"column":2},"end":{"line":52,"column":3}},"type":"if","locations":[{"start":{"line":50,"column":2},"end":{"line":52,"column":3}},{"start":{},"end":{}}],"line":50},"5":{"loc":{"start":{"line":67,"column":2},"end":{"line":71,"column":3}},"type":"if","locations":[{"start":{"line":67,"column":2},"end":{"line":71,"column":3}},{"start":{"line":69,"column":9},"end":{"line":71,"column":3}}],"line":67},"6":{"loc":{"start":{"line":67,"column":6},"end":{"line":67,"column":79}},"type":"binary-expr","locations":[{"start":{"line":67,"column":6},"end":{"line":67,"column":50}},{"start":{"line":67,"column":54},"end":{"line":67,"column":79}}],"line":67},"7":{"loc":{"start":{"line":69,"column":9},"end":{"line":71,"column":3}},"type":"if","locations":[{"start":{"line":69,"column":9},"end":{"line":71,"column":3}},{"start":{},"end":{}}],"line":69},"8":{"loc":{"start":{"line":69,"column":13},"end":{"line":69,"column":81}},"type":"binary-expr","locations":[{"start":{"line":69,"column":13},"end":{"line":69,"column":45}},{"start":{"line":69,"column":49},"end":{"line":69,"column":81}}],"line":69},"9":{"loc":{"start":{"line":74,"column":21},"end":{"line":74,"column":74}},"type":"binary-expr","locations":[{"start":{"line":74,"column":21},"end":{"line":74,"column":37}},{"start":{"line":74,"column":41},"end":{"line":74,"column":74}}],"line":74},"10":{"loc":{"start":{"line":78,"column":2},"end":{"line":88,"column":3}},"type":"if","locations":[{"start":{"line":78,"column":2},"end":{"line":88,"column":3}},{"start":{"line":81,"column":9},"end":{"line":88,"column":3}}],"line":78},"11":{"loc":{"start":{"line":91,"column":18},"end":{"line":95,"column":21}},"type":"cond-expr","locations":[{"start":{"line":92,"column":6},"end":{"line":92,"column":19}},{"start":{"line":93,"column":6},"end":{"line":95,"column":21}}],"line":91},"12":{"loc":{"start":{"line":93,"column":6},"end":{"line":95,"column":21}},"type":"cond-expr","locations":[{"start":{"line":94,"column":8},"end":{"line":94,"column":63}},{"start":{"line":95,"column":8},"end":{"line":95,"column":21}}],"line":93},"13":{"loc":{"start":{"line":100,"column":12},"end":{"line":100,"column":32}},"type":"binary-expr","locations":[{"start":{"line":100,"column":12},"end":{"line":100,"column":24}},{"start":{"line":100,"column":28},"end":{"line":100,"column":32}}],"line":100}},"s":{"0":7,"1":7,"2":7,"3":7,"4":7,"5":7,"6":0,"7":0,"8":0,"9":0,"10":0,"11":0,"12":0,"13":0,"14":0,"15":0,"16":7,"17":0,"18":7,"19":7,"20":7,"21":0,"22":7,"23":0,"24":7,"25":7,"26":7,"27":7,"28":0,"29":7,"30":7,"31":7,"32":0,"33":7},"f":{"0":0,"1":0,"2":7,"3":0},"b":{"0":[0,0],"1":[0,0],"2":[0,0],"3":[0,0],"4":[0,0],"5":[0,7],"6":[7,7],"7":[0,7],"8":[7,7],"9":[7,0],"10":[7,0],"11":[7,0],"12":[0,0],"13":[7,7]},"_coverageSchema":"1a1c01bbd47fc00a2c39e90264f33305004495a9","hash":"57177668ccc6d63c9e6694213ba283ed1ef9c5f8"}
,"C:\\Users\\niraj\\Desktop\\ServiceHub\\src\\middleware\\rateLimiter.js": {"path":"C:\\Users\\niraj\\Desktop\\ServiceHub\\src\\middleware\\rateLimiter.js","statementMap":{"0":{"start":{"line":3,"column":18},"end":{"line":3,"column":47}},"1":{"start":{"line":4,"column":15},"end":{"line":4,"column":39}},"2":{"start":{"line":5,"column":17},"end":{"line":5,"column":45}},"3":{"start":{"line":21,"column":22},"end":{"line":35,"column":2}},"4":{"start":{"line":24,"column":17},"end":{"line":24,"column":53}},"5":{"start":{"line":28,"column":4},"end":{"line":33,"column":6}},"6":{"start":{"line":37,"column":20},"end":{"line":50,"column":2}},"7":{"start":{"line":43,"column":4},"end":{"line":48,"column":6}},"8":{"start":{"line":52,"column":0},"end":{"line":52,"column":48}}},"fnMap":{"0":{"name":"(anonymous_0)","decl":{"start":{"line":24,"column":8},"end":{"line":24,"column":9}},"loc":{"start":{"line":24,"column":17},"end":{"line":24,"column":53}},"line":24},"1":{"name":"(anonymous_1)","decl":{"start":{"line":27,"column":11},"end":{"line":27,"column":12}},"loc":{"start":{"line":27,"column":33},"end":{"line":34,"column":3}},"line":27},"2":{"name":"(anonymous_2)","decl":{"start":{"line":42,"column":11},"end":{"line":42,"column":12}},"loc":{"start":{"line":42,"column":33},"end":{"line":49,"column":3}},"line":42}},"branchMap":{},"s":{"0":7,"1":7,"2":7,"3":7,"4":33,"5":0,"6":7,"7":0,"8":7},"f":{"0":33,"1":0,"2":0},"b":{},"_coverageSchema":"1a1c01bbd47fc00a2c39e90264f33305004495a9","hash":"23d11df00d7cc93ede88b4b038219c151cde7075"}
,"C:\\Users\\niraj\\Desktop\\ServiceHub\\src\\middleware\\requestId.js": {"path":"C:\\Users\\niraj\\Desktop\\ServiceHub\\src\\middleware\\requestId.js","statementMap":{"0":{"start":{"line":3,"column":23},"end":{"line":3,"column":38}},"1":{"start":{"line":25,"column":18},"end":{"line":39,"column":1}},"2":{"start":{"line":27,"column":19},"end":{"line":27,"column":46}},"3":{"start":{"line":28,"column":13},"end":{"line":30,"column":14}},"4":{"start":{"line":33,"column":2},"end":{"line":33,"column":14}},"5":{"start":{"line":36,"column":2},"end":{"line":36,"column":36}},"6":{"start":{"line":38,"column":2},"end":{"line":38,"column":9}},"7":{"start":{"line":41,"column":0},"end":{"line":41,"column":27}}},"fnMap":{"0":{"name":"(anonymous_0)","decl":{"start":{"line":25,"column":18},"end":{"line":25,"column":19}},"loc":{"start":{"line":25,"column":38},"end":{"line":39,"column":1}},"line":25}},"branchMap":{"0":{"loc":{"start":{"line":28,"column":13},"end":{"line":30,"column":14}},"type":"cond-expr","locations":[{"start":{"line":29,"column":6},"end":{"line":29,"column":21}},{"start":{"line":30,"column":6},"end":{"line":30,"column":14}}],"line":28},"1":{"loc":{"start":{"line":28,"column":14},"end":{"line":28,"column":73}},"type":"binary-expr","locations":[{"start":{"line":28,"column":14},"end":{"line":28,"column":22}},{"start":{"line":28,"column":26},"end":{"line":28,"column":54}},{"start":{"line":28,"column":58},"end":{"line":28,"column":73}}],"line":28}},"s":{"0":7,"1":7,"2":33,"3":33,"4":33,"5":33,"6":33,"7":7},"f":{"0":33},"b":{"0":[0,33],"1":[33,0,0]},"_coverageSchema":"1a1c01bbd47fc00a2c39e90264f33305004495a9","hash":"992fc087865b3b08c000e9eb9f8264579acd3899"}
,"C:\\Users\\niraj\\Desktop\\ServiceHub\\src\\middleware\\requestLogger.js": {"path":"C:\\Users\\niraj\\Desktop\\ServiceHub\\src\\middleware\\requestLogger.js","statementMap":{"0":{"start":{"line":3,"column":15},"end":{"line":3,"column":32}},"1":{"start":{"line":4,"column":15},"end":{"line":4,"column":41}},"2":{"start":{"line":23,"column":15},"end":{"line":33,"column":1}},"3":{"start":{"line":26,"column":4},"end":{"line":31,"column":5}},"4":{"start":{"line":27,"column":19},"end":{"line":27,"column":38}},"5":{"start":{"line":28,"column":6},"end":{"line":28,"column":40}},"6":{"start":{"line":30,"column":6},"end":{"line":30,"column":34}},"7":{"start":{"line":36,"column":19},"end":{"line":46,"column":1}},"8":{"start":{"line":37,"column":2},"end":{"line":45,"column":5}},"9":{"start":{"line":48,"column":22},"end":{"line":51,"column":1}},"10":{"start":{"line":53,"column":0},"end":{"line":53,"column":31}}},"fnMap":{"0":{"name":"(anonymous_0)","decl":{"start":{"line":25,"column":9},"end":{"line":25,"column":10}},"loc":{"start":{"line":25,"column":22},"end":{"line":32,"column":3}},"line":25},"1":{"name":"(anonymous_1)","decl":{"start":{"line":36,"column":19},"end":{"line":36,"column":20}},"loc":{"start":{"line":36,"column":41},"end":{"line":46,"column":1}},"line":36}},"branchMap":{"0":{"loc":{"start":{"line":49,"column":2},"end":{"line":49,"column":60}},"type":"cond-expr","locations":[{"start":{"line":49,"column":42},"end":{"line":49,"column":52}},{"start":{"line":49,"column":55},"end":{"line":49,"column":60}}],"line":49}},"s":{"0":7,"1":7,"2":7,"3":33,"4":33,"5":0,"6":33,"7":7,"8":0,"9":7,"10":7},"f":{"0":33,"1":0},"b":{"0":[0,7]},"_coverageSchema":"1a1c01bbd47fc00a2c39e90264f33305004495a9","hash":"f2a48d625da7de47b9300ffecb29ec50c965d311"}
,"C:\\Users\\niraj\\Desktop\\ServiceHub\\src\\middleware\\role.middleware.js": {"path":"C:\\Users\\niraj\\Desktop\\ServiceHub\\src\\middleware\\role.middleware.js","statementMap":{"0":{"start":{"line":3,"column":18},"end":{"line":3,"column":44}},"1":{"start":{"line":4,"column":46},"end":{"line":4,"column":77}},"2":{"start":{"line":29,"column":18},"end":{"line":75,"column":1}},"3":{"start":{"line":33,"column":21},"end":{"line":33,"column":41}},"4":{"start":{"line":34,"column":2},"end":{"line":40,"column":3}},"5":{"start":{"line":35,"column":4},"end":{"line":39,"column":5}},"6":{"start":{"line":36,"column":6},"end":{"line":38,"column":8}},"7":{"start":{"line":42,"column":2},"end":{"line":74,"column":4}},"8":{"start":{"line":46,"column":4},"end":{"line":50,"column":5}},"9":{"start":{"line":47,"column":6},"end":{"line":49,"column":8}},"10":{"start":{"line":55,"column":26},"end":{"line":55,"column":70}},"11":{"start":{"line":55,"column":57},"end":{"line":55,"column":69}},"12":{"start":{"line":57,"column":4},"end":{"line":61,"column":5}},"13":{"start":{"line":60,"column":6},"end":{"line":60,"column":93}},"14":{"start":{"line":64,"column":26},"end":{"line":64,"column":83}},"15":{"start":{"line":64,"column":54},"end":{"line":64,"column":82}},"16":{"start":{"line":66,"column":4},"end":{"line":70,"column":5}},"17":{"start":{"line":67,"column":6},"end":{"line":69,"column":8}},"18":{"start":{"line":73,"column":4},"end":{"line":73,"column":11}},"19":{"start":{"line":77,"column":0},"end":{"line":77,"column":27}}},"fnMap":{"0":{"name":"(anonymous_0)","decl":{"start":{"line":29,"column":18},"end":{"line":29,"column":19}},"loc":{"start":{"line":29,"column":39},"end":{"line":75,"column":1}},"line":29},"1":{"name":"(anonymous_1)","decl":{"start":{"line":42,"column":9},"end":{"line":42,"column":10}},"loc":{"start":{"line":42,"column":30},"end":{"line":74,"column":3}},"line":42},"2":{"name":"(anonymous_2)","decl":{"start":{"line":55,"column":49},"end":{"line":55,"column":50}},"loc":{"start":{"line":55,"column":57},"end":{"line":55,"column":69}},"line":55},"3":{"name":"(anonymous_3)","decl":{"start":{"line":64,"column":44},"end":{"line":64,"column":45}},"loc":{"start":{"line":64,"column":54},"end":{"line":64,"column":82}},"line":64}},"branchMap":{"0":{"loc":{"start":{"line":35,"column":4},"end":{"line":39,"column":5}},"type":"if","locations":[{"start":{"line":35,"column":4},"end":{"line":39,"column":5}},{"start":{},"end":{}}],"line":35},"1":{"loc":{"start":{"line":46,"column":4},"end":{"line":50,"column":5}},"type":"if","locations":[{"start":{"line":46,"column":4},"end":{"line":50,"column":5}},{"start":{},"end":{}}],"line":46},"2":{"loc":{"start":{"line":57,"column":4},"end":{"line":61,"column":5}},"type":"if","locations":[{"start":{"line":57,"column":4},"end":{"line":61,"column":5}},{"start":{},"end":{}}],"line":57},"3":{"loc":{"start":{"line":66,"column":4},"end":{"line":70,"column":5}},"type":"if","locations":[{"start":{"line":66,"column":4},"end":{"line":70,"column":5}},{"start":{},"end":{}}],"line":66}},"s":{"0":7,"1":7,"2":7,"3":224,"4":224,"5":413,"6":0,"7":224,"8":20,"9":0,"10":20,"11":20,"12":20,"13":0,"14":20,"15":27,"16":20,"17":1,"18":19,"19":7},"f":{"0":224,"1":20,"2":20,"3":27},"b":{"0":[0,413],"1":[0,20],"2":[0,20],"3":[1,19]},"_coverageSchema":"1a1c01bbd47fc00a2c39e90264f33305004495a9","hash":"b995001125f2fc47d7cec500bd7614a010798ee1"}
,"C:\\Users\\niraj\\Desktop\\ServiceHub\\src\\middleware\\validate.js": {"path":"C:\\Users\\niraj\\Desktop\\ServiceHub\\src\\middleware\\validate.js","statementMap":{"0":{"start":{"line":3,"column":29},"end":{"line":3,"column":57}},"1":{"start":{"line":4,"column":17},"end":{"line":4,"column":45}},"2":{"start":{"line":26,"column":17},"end":{"line":38,"column":1}},"3":{"start":{"line":27,"column":17},"end":{"line":27,"column":38}},"4":{"start":{"line":29,"column":2},"end":{"line":35,"column":3}},"5":{"start":{"line":30,"column":19},"end":{"line":33,"column":7}},"6":{"start":{"line":30,"column":48},"end":{"line":33,"column":5}},"7":{"start":{"line":34,"column":4},"end":{"line":34,"column":64}},"8":{"start":{"line":37,"column":2},"end":{"line":37,"column":16}},"9":{"start":{"line":40,"column":0},"end":{"line":40,"column":26}}},"fnMap":{"0":{"name":"(anonymous_0)","decl":{"start":{"line":26,"column":17},"end":{"line":26,"column":18}},"loc":{"start":{"line":26,"column":38},"end":{"line":38,"column":1}},"line":26},"1":{"name":"(anonymous_1)","decl":{"start":{"line":30,"column":38},"end":{"line":30,"column":39}},"loc":{"start":{"line":30,"column":48},"end":{"line":33,"column":5}},"line":30}},"branchMap":{"0":{"loc":{"start":{"line":29,"column":2},"end":{"line":35,"column":3}},"type":"if","locations":[{"start":{"line":29,"column":2},"end":{"line":35,"column":3}},{"start":{},"end":{}}],"line":29}},"s":{"0":7,"1":7,"2":7,"3":32,"4":32,"5":0,"6":0,"7":0,"8":32,"9":7},"f":{"0":32,"1":0},"b":{"0":[0,32]},"_coverageSchema":"1a1c01bbd47fc00a2c39e90264f33305004495a9","hash":"36c31cc46c9131420ff2b6be27f9b9c6454686f7"}
,"C:\\Users\\niraj\\Desktop\\ServiceHub\\src\\modules\\admin\\admin.controller.js": {"path":"C:\\Users\\niraj\\Desktop\\ServiceHub\\src\\modules\\admin\\admin.controller.js","statementMap":{"0":{"start":{"line":3,"column":21},"end":{"line":3,"column":47}},"1":{"start":{"line":4,"column":20},"end":{"line":4,"column":54}},"2":{"start":{"line":5,"column":24},"end":{"line":5,"column":52}},"3":{"start":{"line":7,"column":29},"end":{"line":11,"column":1}},"4":{"start":{"line":8,"column":33},"end":{"line":8,"column":41}},"5":{"start":{"line":9,"column":15},"end":{"line":9,"column":92}},"6":{"start":{"line":10,"column":2},"end":{"line":10,"column":90}},"7":{"start":{"line":13,"column":23},"end":{"line":16,"column":1}},"8":{"start":{"line":14,"column":15},"end":{"line":14,"column":91}},"9":{"start":{"line":15,"column":2},"end":{"line":15,"column":83}},"10":{"start":{"line":18,"column":0},"end":{"line":21,"column":2}}},"fnMap":{"0":{"name":"(anonymous_0)","decl":{"start":{"line":7,"column":29},"end":{"line":7,"column":30}},"loc":{"start":{"line":7,"column":49},"end":{"line":11,"column":1}},"line":7},"1":{"name":"(anonymous_1)","decl":{"start":{"line":13,"column":23},"end":{"line":13,"column":24}},"loc":{"start":{"line":13,"column":43},"end":{"line":16,"column":1}},"line":13}},"branchMap":{},"s":{"0":7,"1":7,"2":7,"3":7,"4":1,"5":1,"6":1,"7":7,"8":0,"9":0,"10":7},"f":{"0":1,"1":0},"b":{},"_coverageSchema":"1a1c01bbd47fc00a2c39e90264f33305004495a9","hash":"db12cc93a74a6e41c071db7e284548baa73b2234"}
,"C:\\Users\\niraj\\Desktop\\ServiceHub\\src\\modules\\admin\\admin.routes.js": {"path":"C:\\Users\\niraj\\Desktop\\ServiceHub\\src\\modules\\admin\\admin.routes.js","statementMap":{"0":{"start":{"line":3,"column":16},"end":{"line":3,"column":34}},"1":{"start":{"line":4,"column":16},"end":{"line":4,"column":32}},"2":{"start":{"line":6,"column":24},"end":{"line":6,"column":53}},"3":{"start":{"line":7,"column":24},"end":{"line":7,"column":67}},"4":{"start":{"line":8,"column":24},"end":{"line":8,"column":67}},"5":{"start":{"line":9,"column":24},"end":{"line":9,"column":60}},"6":{"start":{"line":10,"column":92},"end":{"line":10,"column":137}},"7":{"start":{"line":11,"column":18},"end":{"line":11,"column":47}},"8":{"start":{"line":14,"column":0},"end":{"line":14,"column":49}},"9":{"start":{"line":60,"column":0},"end":{"line":66,"column":2}},"10":{"start":{"line":108,"column":0},"end":{"line":114,"column":2}},"11":{"start":{"line":116,"column":0},"end":{"line":116,"column":24}}},"fnMap":{},"branchMap":{},"s":{"0":7,"1":7,"2":7,"3":7,"4":7,"5":7,"6":7,"7":7,"8":7,"9":7,"10":7,"11":7},"f":{},"b":{},"_coverageSchema":"1a1c01bbd47fc00a2c39e90264f33305004495a9","hash":"481c01148cd9eabbbc89811884953fc89e4fd79e"}
,"C:\\Users\\niraj\\Desktop\\ServiceHub\\src\\modules\\admin\\admin.service.js": {"path":"C:\\Users\\niraj\\Desktop\\ServiceHub\\src\\modules\\admin\\admin.service.js","statementMap":{"0":{"start":{"line":3,"column":15},"end":{"line":3,"column":45}},"1":{"start":{"line":4,"column":17},"end":{"line":4,"column":48}},"2":{"start":{"line":5,"column":24},"end":{"line":5,"column":52}},"3":{"start":{"line":7,"column":29},"end":{"line":39,"column":1}},"4":{"start":{"line":8,"column":14},"end":{"line":8,"column":80}},"5":{"start":{"line":9,"column":2},"end":{"line":9,"column":78}},"6":{"start":{"line":9,"column":13},"end":{"line":9,"column":77}},"7":{"start":{"line":11,"column":2},"end":{"line":38,"column":5}},"8":{"start":{"line":12,"column":23},"end":{"line":15,"column":6}},"9":{"start":{"line":18,"column":4},"end":{"line":35,"column":5}},"10":{"start":{"line":19,"column":22},"end":{"line":21,"column":8}},"11":{"start":{"line":23,"column":26},"end":{"line":23,"column":91}},"12":{"start":{"line":23,"column":67},"end":{"line":23,"column":90}},"13":{"start":{"line":24,"column":6},"end":{"line":29,"column":7}},"14":{"start":{"line":25,"column":8},"end":{"line":28,"column":11}},"15":{"start":{"line":30,"column":11},"end":{"line":35,"column":5}},"16":{"start":{"line":31,"column":6},"end":{"line":34,"column":9}},"17":{"start":{"line":37,"column":4},"end":{"line":37,"column":22}},"18":{"start":{"line":41,"column":23},"end":{"line":54,"column":1}},"19":{"start":{"line":42,"column":18},"end":{"line":42,"column":79}},"20":{"start":{"line":43,"column":2},"end":{"line":43,"column":81}},"21":{"start":{"line":43,"column":17},"end":{"line":43,"column":80}},"22":{"start":{"line":44,"column":2},"end":{"line":44,"column":123}},"23":{"start":{"line":44,"column":38},"end":{"line":44,"column":122}},"24":{"start":{"line":46,"column":2},"end":{"line":53,"column":5}},"25":{"start":{"line":56,"column":0},"end":{"line":59,"column":2}}},"fnMap":{"0":{"name":"(anonymous_0)","decl":{"start":{"line":7,"column":29},"end":{"line":7,"column":30}},"loc":{"start":{"line":7,"column":66},"end":{"line":39,"column":1}},"line":7},"1":{"name":"(anonymous_1)","decl":{"start":{"line":11,"column":29},"end":{"line":11,"column":30}},"loc":{"start":{"line":11,"column":43},"end":{"line":38,"column":3}},"line":11},"2":{"name":"(anonymous_2)","decl":{"start":{"line":23,"column":62},"end":{"line":23,"column":63}},"loc":{"start":{"line":23,"column":67},"end":{"line":23,"column":90}},"line":23},"3":{"name":"(anonymous_3)","decl":{"start":{"line":41,"column":23},"end":{"line":41,"column":24}},"loc":{"start":{"line":41,"column":56},"end":{"line":54,"column":1}},"line":41}},"branchMap":{"0":{"loc":{"start":{"line":9,"column":2},"end":{"line":9,"column":78}},"type":"if","locations":[{"start":{"line":9,"column":2},"end":{"line":9,"column":78}},{"start":{},"end":{}}],"line":9},"1":{"loc":{"start":{"line":18,"column":4},"end":{"line":35,"column":5}},"type":"if","locations":[{"start":{"line":18,"column":4},"end":{"line":35,"column":5}},{"start":{"line":30,"column":11},"end":{"line":35,"column":5}}],"line":18},"2":{"loc":{"start":{"line":23,"column":26},"end":{"line":23,"column":91}},"type":"binary-expr","locations":[{"start":{"line":23,"column":26},"end":{"line":23,"column":44}},{"start":{"line":23,"column":48},"end":{"line":23,"column":91}}],"line":23},"3":{"loc":{"start":{"line":24,"column":6},"end":{"line":29,"column":7}},"type":"if","locations":[{"start":{"line":24,"column":6},"end":{"line":29,"column":7}},{"start":{},"end":{}}],"line":24},"4":{"loc":{"start":{"line":30,"column":11},"end":{"line":35,"column":5}},"type":"if","locations":[{"start":{"line":30,"column":11},"end":{"line":35,"column":5}},{"start":{},"end":{}}],"line":30},"5":{"loc":{"start":{"line":43,"column":2},"end":{"line":43,"column":81}},"type":"if","locations":[{"start":{"line":43,"column":2},"end":{"line":43,"column":81}},{"start":{},"end":{}}],"line":43},"6":{"loc":{"start":{"line":44,"column":2},"end":{"line":44,"column":123}},"type":"if","locations":[{"start":{"line":44,"column":2},"end":{"line":44,"column":123}},{"start":{},"end":{}}],"line":44}},"s":{"0":7,"1":7,"2":7,"3":7,"4":1,"5":1,"6":0,"7":1,"8":1,"9":1,"10":1,"11":1,"12":1,"13":1,"14":1,"15":0,"16":0,"17":1,"18":7,"19":0,"20":0,"21":0,"22":0,"23":0,"24":0,"25":7},"f":{"0":1,"1":1,"2":1,"3":0},"b":{"0":[0,1],"1":[1,0],"2":[1,1],"3":[1,0],"4":[0,0],"5":[0,0],"6":[0,0]},"_coverageSchema":"1a1c01bbd47fc00a2c39e90264f33305004495a9","hash":"8e3e9a5d8eacd39a6ca1777be14b532327186efd"}
,"C:\\Users\\niraj\\Desktop\\ServiceHub\\src\\modules\\auth\\auth.controller.js": {"path":"C:\\Users\\niraj\\Desktop\\ServiceHub\\src\\modules\\auth\\auth.controller.js","statementMap":{"0":{"start":{"line":3,"column":20},"end":{"line":3,"column":45}},"1":{"start":{"line":4,"column":20},"end":{"line":4,"column":54}},"2":{"start":{"line":5,"column":24},"end":{"line":5,"column":52}},"3":{"start":{"line":12,"column":17},"end":{"line":33,"column":1}},"4":{"start":{"line":13,"column":64},"end":{"line":13,"column":72}},"5":{"start":{"line":17,"column":25},"end":{"line":24,"column":4}},"6":{"start":{"line":26,"column":2},"end":{"line":32,"column":4}},"7":{"start":{"line":40,"column":14},"end":{"line":53,"column":1}},"8":{"start":{"line":41,"column":30},"end":{"line":41,"column":38}},"9":{"start":{"line":44,"column":32},"end":{"line":44,"column":80}},"10":{"start":{"line":46,"column":2},"end":{"line":52,"column":4}},"11":{"start":{"line":55,"column":0},"end":{"line":68,"column":2}},"12":{"start":{"line":62,"column":20},"end":{"line":62,"column":56}},"13":{"start":{"line":64,"column":4},"end":{"line":66,"column":6}}},"fnMap":{"0":{"name":"(anonymous_0)","decl":{"start":{"line":12,"column":17},"end":{"line":12,"column":18}},"loc":{"start":{"line":12,"column":37},"end":{"line":33,"column":1}},"line":12},"1":{"name":"(anonymous_1)","decl":{"start":{"line":40,"column":14},"end":{"line":40,"column":15}},"loc":{"start":{"line":40,"column":34},"end":{"line":53,"column":1}},"line":40},"2":{"name":"(anonymous_2)","decl":{"start":{"line":58,"column":9},"end":{"line":58,"column":10}},"loc":{"start":{"line":58,"column":29},"end":{"line":67,"column":3}},"line":58}},"branchMap":{},"s":{"0":7,"1":7,"2":7,"3":7,"4":4,"5":4,"6":3,"7":7,"8":1,"9":1,"10":1,"11":7,"12":0,"13":0},"f":{"0":4,"1":1,"2":0},"b":{},"_coverageSchema":"1a1c01bbd47fc00a2c39e90264f33305004495a9","hash":"402c9aed9323e804fb7556315eacc97cf1655ff1"}
,"C:\\Users\\niraj\\Desktop\\ServiceHub\\src\\modules\\auth\\auth.routes.js": {"path":"C:\\Users\\niraj\\Desktop\\ServiceHub\\src\\modules\\auth\\auth.routes.js","statementMap":{"0":{"start":{"line":3,"column":16},"end":{"line":3,"column":34}},"1":{"start":{"line":4,"column":15},"end":{"line":4,"column":31}},"2":{"start":{"line":6,"column":23},"end":{"line":6,"column":51}},"3":{"start":{"line":7,"column":17},"end":{"line":7,"column":53}},"4":{"start":{"line":8,"column":21},"end":{"line":8,"column":64}},"5":{"start":{"line":9,"column":48},"end":{"line":9,"column":92}},"6":{"start":{"line":10,"column":24},"end":{"line":10,"column":63}},"7":{"start":{"line":58,"column":0},"end":{"line":58,"column":93}},"8":{"start":{"line":93,"column":0},"end":{"line":93,"column":84}},"9":{"start":{"line":112,"column":0},"end":{"line":112,"column":54}},"10":{"start":{"line":114,"column":0},"end":{"line":114,"column":24}}},"fnMap":{},"branchMap":{},"s":{"0":7,"1":7,"2":7,"3":7,"4":7,"5":7,"6":7,"7":7,"8":7,"9":7,"10":7},"f":{},"b":{},"_coverageSchema":"1a1c01bbd47fc00a2c39e90264f33305004495a9","hash":"7d49f5c7238f4e477e75c20f7b8dc27ddd7603ea"}
,"C:\\Users\\niraj\\Desktop\\ServiceHub\\src\\modules\\auth\\auth.service.js": {"path":"C:\\Users\\niraj\\Desktop\\ServiceHub\\src\\modules\\auth\\auth.service.js","statementMap":{"0":{"start":{"line":3,"column":15},"end":{"line":3,"column":45}},"1":{"start":{"line":4,"column":42},"end":{"line":4,"column":78}},"2":{"start":{"line":5,"column":32},"end":{"line":5,"column":63}},"3":{"start":{"line":6,"column":17},"end":{"line":6,"column":48}},"4":{"start":{"line":7,"column":24},"end":{"line":7,"column":52}},"5":{"start":{"line":22,"column":21},"end":{"line":121,"column":1}},"6":{"start":{"line":24,"column":2},"end":{"line":26,"column":3}},"7":{"start":{"line":25,"column":4},"end":{"line":25,"column":110}},"8":{"start":{"line":29,"column":24},"end":{"line":29,"column":74}},"9":{"start":{"line":30,"column":2},"end":{"line":32,"column":3}},"10":{"start":{"line":31,"column":4},"end":{"line":31,"column":77}},"11":{"start":{"line":35,"column":24},"end":{"line":35,"column":74}},"12":{"start":{"line":36,"column":2},"end":{"line":38,"column":3}},"13":{"start":{"line":37,"column":4},"end":{"line":37,"column":84}},"14":{"start":{"line":41,"column":17},"end":{"line":41,"column":72}},"15":{"start":{"line":42,"column":2},"end":{"line":44,"column":3}},"16":{"start":{"line":43,"column":4},"end":{"line":43,"column":112}},"17":{"start":{"line":47,"column":23},"end":{"line":47,"column":51}},"18":{"start":{"line":50,"column":18},"end":{"line":111,"column":4}},"19":{"start":{"line":52,"column":17},"end":{"line":60,"column":6}},"20":{"start":{"line":63,"column":4},"end":{"line":68,"column":7}},"21":{"start":{"line":71,"column":4},"end":{"line":77,"column":7}},"22":{"start":{"line":80,"column":4},"end":{"line":85,"column":7}},"23":{"start":{"line":88,"column":4},"end":{"line":97,"column":7}},"24":{"start":{"line":100,"column":4},"end":{"line":108,"column":5}},"25":{"start":{"line":101,"column":6},"end":{"line":107,"column":9}},"26":{"start":{"line":110,"column":4},"end":{"line":110,"column":16}},"27":{"start":{"line":113,"column":2},"end":{"line":120,"column":4}},"28":{"start":{"line":130,"column":18},"end":{"line":186,"column":1}},"29":{"start":{"line":133,"column":15},"end":{"line":140,"column":4}},"30":{"start":{"line":144,"column":20},"end":{"line":144,"column":82}},"31":{"start":{"line":145,"column":21},"end":{"line":145,"column":57}},"32":{"start":{"line":148,"column":26},"end":{"line":148,"column":69}},"33":{"start":{"line":150,"column":2},"end":{"line":152,"column":3}},"34":{"start":{"line":151,"column":4},"end":{"line":151,"column":79}},"35":{"start":{"line":155,"column":2},"end":{"line":157,"column":3}},"36":{"start":{"line":156,"column":4},"end":{"line":156,"column":106}},"37":{"start":{"line":158,"column":2},"end":{"line":160,"column":3}},"38":{"start":{"line":159,"column":4},"end":{"line":159,"column":130}},"39":{"start":{"line":164,"column":22},"end":{"line":164,"column":90}},"40":{"start":{"line":167,"column":23},"end":{"line":171,"column":3}},"41":{"start":{"line":173,"column":22},"end":{"line":173,"column":55}},"42":{"start":{"line":176,"column":2},"end":{"line":185,"column":4}},"43":{"start":{"line":197,"column":14},"end":{"line":299,"column":1}},"44":{"start":{"line":200,"column":15},"end":{"line":254,"column":4}},"45":{"start":{"line":256,"column":2},"end":{"line":258,"column":3}},"46":{"start":{"line":257,"column":4},"end":{"line":257,"column":75}},"47":{"start":{"line":261,"column":4},"end":{"line":261,"column":72}},"48":{"start":{"line":262,"column":21},"end":{"line":262,"column":47}},"49":{"start":{"line":265,"column":2},"end":{"line":298,"column":4}},"50":{"start":{"line":301,"column":0},"end":{"line":305,"column":2}}},"fnMap":{"0":{"name":"(anonymous_0)","decl":{"start":{"line":22,"column":21},"end":{"line":22,"column":22}},"loc":{"start":{"line":22,"column":86},"end":{"line":121,"column":1}},"line":22},"1":{"name":"(anonymous_1)","decl":{"start":{"line":50,"column":44},"end":{"line":50,"column":45}},"loc":{"start":{"line":50,"column":58},"end":{"line":111,"column":3}},"line":50},"2":{"name":"(anonymous_2)","decl":{"start":{"line":130,"column":18},"end":{"line":130,"column":19}},"loc":{"start":{"line":130,"column":49},"end":{"line":186,"column":1}},"line":130},"3":{"name":"(anonymous_3)","decl":{"start":{"line":197,"column":14},"end":{"line":197,"column":15}},"loc":{"start":{"line":197,"column":32},"end":{"line":299,"column":1}},"line":197}},"branchMap":{"0":{"loc":{"start":{"line":24,"column":2},"end":{"line":26,"column":3}},"type":"if","locations":[{"start":{"line":24,"column":2},"end":{"line":26,"column":3}},{"start":{},"end":{}}],"line":24},"1":{"loc":{"start":{"line":30,"column":2},"end":{"line":32,"column":3}},"type":"if","locations":[{"start":{"line":30,"column":2},"end":{"line":32,"column":3}},{"start":{},"end":{}}],"line":30},"2":{"loc":{"start":{"line":36,"column":2},"end":{"line":38,"column":3}},"type":"if","locations":[{"start":{"line":36,"column":2},"end":{"line":38,"column":3}},{"start":{},"end":{}}],"line":36},"3":{"loc":{"start":{"line":42,"column":2},"end":{"line":44,"column":3}},"type":"if","locations":[{"start":{"line":42,"column":2},"end":{"line":44,"column":3}},{"start":{},"end":{}}],"line":42},"4":{"loc":{"start":{"line":100,"column":4},"end":{"line":108,"column":5}},"type":"if","locations":[{"start":{"line":100,"column":4},"end":{"line":108,"column":5}},{"start":{},"end":{}}],"line":100},"5":{"loc":{"start":{"line":145,"column":21},"end":{"line":145,"column":57}},"type":"cond-expr","locations":[{"start":{"line":145,"column":28},"end":{"line":145,"column":45}},{"start":{"line":145,"column":48},"end":{"line":145,"column":57}}],"line":145},"6":{"loc":{"start":{"line":150,"column":2},"end":{"line":152,"column":3}},"type":"if","locations":[{"start":{"line":150,"column":2},"end":{"line":152,"column":3}},{"start":{},"end":{}}],"line":150},"7":{"loc":{"start":{"line":150,"column":6},"end":{"line":150,"column":31}},"type":"binary-expr","locations":[{"start":{"line":150,"column":6},"end":{"line":150,"column":11}},{"start":{"line":150,"column":15},"end":{"line":150,"column":31}}],"line":150},"8":{"loc":{"start":{"line":155,"column":2},"end":{"line":157,"column":3}},"type":"if","locations":[{"start":{"line":155,"column":2},"end":{"line":157,"column":3}},{"start":{},"end":{}}],"line":155},"9":{"loc":{"start":{"line":158,"column":2},"end":{"line":160,"column":3}},"type":"if","locations":[{"start":{"line":158,"column":2},"end":{"line":160,"column":3}},{"start":{},"end":{}}],"line":158},"10":{"loc":{"start":{"line":164,"column":22},"end":{"line":164,"column":90}},"type":"cond-expr","locations":[{"start":{"line":164,"column":50},"end":{"line":164,"column":77}},{"start":{"line":164,"column":80},"end":{"line":164,"column":90}}],"line":164},"11":{"loc":{"start":{"line":256,"column":2},"end":{"line":258,"column":3}},"type":"if","locations":[{"start":{"line":256,"column":2},"end":{"line":258,"column":3}},{"start":{},"end":{}}],"line":256},"12":{"loc":{"start":{"line":261,"column":4},"end":{"line":261,"column":72}},"type":"cond-expr","locations":[{"start":{"line":261,"column":32},"end":{"line":261,"column":59}},{"start":{"line":261,"column":62},"end":{"line":261,"column":72}}],"line":261},"13":{"loc":{"start":{"line":273,"column":13},"end":{"line":280,"column":12}},"type":"cond-expr","locations":[{"start":{"line":274,"column":8},"end":{"line":279,"column":9}},{"start":{"line":280,"column":8},"end":{"line":280,"column":12}}],"line":273},"14":{"loc":{"start":{"line":277,"column":21},"end":{"line":277,"column":55}},"type":"binary-expr","locations":[{"start":{"line":277,"column":21},"end":{"line":277,"column":47}},{"start":{"line":277,"column":51},"end":{"line":277,"column":55}}],"line":277},"15":{"loc":{"start":{"line":278,"column":23},"end":{"line":278,"column":59}},"type":"binary-expr","locations":[{"start":{"line":278,"column":23},"end":{"line":278,"column":51}},{"start":{"line":278,"column":55},"end":{"line":278,"column":59}}],"line":278},"16":{"loc":{"start":{"line":281,"column":20},"end":{"line":281,"column":72}},"type":"cond-expr","locations":[{"start":{"line":281,"column":48},"end":{"line":281,"column":65}},{"start":{"line":281,"column":68},"end":{"line":281,"column":72}}],"line":281},"17":{"loc":{"start":{"line":283,"column":15},"end":{"line":283,"column":57}},"type":"cond-expr","locations":[{"start":{"line":283,"column":29},"end":{"line":283,"column":48}},{"start":{"line":283,"column":51},"end":{"line":283,"column":57}}],"line":283},"18":{"loc":{"start":{"line":285,"column":8},"end":{"line":297,"column":5}},"type":"binary-expr","locations":[{"start":{"line":285,"column":8},"end":{"line":285,"column":18}},{"start":{"line":285,"column":22},"end":{"line":297,"column":5}}],"line":285},"19":{"loc":{"start":{"line":286,"column":23},"end":{"line":296,"column":14}},"type":"cond-expr","locations":[{"start":{"line":287,"column":10},"end":{"line":295,"column":11}},{"start":{"line":296,"column":10},"end":{"line":296,"column":14}}],"line":286}},"s":{"0":7,"1":7,"2":7,"3":7,"4":7,"5":7,"6":28,"7":0,"8":28,"9":28,"10":1,"11":27,"12":27,"13":0,"14":27,"15":27,"16":0,"17":27,"18":27,"19":27,"20":27,"21":27,"22":27,"23":27,"24":27,"25":9,"26":27,"27":27,"28":7,"29":1,"30":1,"31":1,"32":1,"33":1,"34":0,"35":1,"36":0,"37":1,"38":0,"39":1,"40":1,"41":1,"42":1,"43":7,"44":0,"45":0,"46":0,"47":0,"48":0,"49":0,"50":7},"f":{"0":28,"1":27,"2":1,"3":0},"b":{"0":[0,28],"1":[1,27],"2":[0,27],"3":[0,27],"4":[9,18],"5":[1,0],"6":[0,1],"7":[1,1],"8":[0,1],"9":[0,1],"10":[1,0],"11":[0,0],"12":[0,0],"13":[0,0],"14":[0,0],"15":[0,0],"16":[0,0],"17":[0,0],"18":[0,0],"19":[0,0]},"_coverageSchema":"1a1c01bbd47fc00a2c39e90264f33305004495a9","hash":"7224499e3d8049ab26f8364d7f858d7effdde3c9"}
,"C:\\Users\\niraj\\Desktop\\ServiceHub\\src\\modules\\bookings\\booking.controller.js": {"path":"C:\\Users\\niraj\\Desktop\\ServiceHub\\src\\modules\\bookings\\booking.controller.js","statementMap":{"0":{"start":{"line":3,"column":23},"end":{"line":3,"column":51}},"1":{"start":{"line":4,"column":20},"end":{"line":4,"column":54}},"2":{"start":{"line":5,"column":24},"end":{"line":5,"column":52}},"3":{"start":{"line":7,"column":22},"end":{"line":10,"column":1}},"4":{"start":{"line":8,"column":15},"end":{"line":8,"column":72}},"5":{"start":{"line":9,"column":2},"end":{"line":9,"column":115}},"6":{"start":{"line":12,"column":20},"end":{"line":18,"column":1}},"7":{"start":{"line":13,"column":20},"end":{"line":13,"column":62}},"8":{"start":{"line":13,"column":49},"end":{"line":13,"column":61}},"9":{"start":{"line":14,"column":17},"end":{"line":14,"column":84}},"10":{"start":{"line":15,"column":19},"end":{"line":15,"column":96}},"11":{"start":{"line":16,"column":2},"end":{"line":16,"column":30}},"12":{"start":{"line":17,"column":2},"end":{"line":17,"column":21}},"13":{"start":{"line":20,"column":23},"end":{"line":24,"column":1}},"14":{"start":{"line":21,"column":20},"end":{"line":21,"column":62}},"15":{"start":{"line":21,"column":49},"end":{"line":21,"column":61}},"16":{"start":{"line":22,"column":15},"end":{"line":22,"column":96}},"17":{"start":{"line":23,"column":2},"end":{"line":23,"column":90}},"18":{"start":{"line":26,"column":28},"end":{"line":30,"column":1}},"19":{"start":{"line":27,"column":20},"end":{"line":27,"column":62}},"20":{"start":{"line":27,"column":49},"end":{"line":27,"column":61}},"21":{"start":{"line":28,"column":15},"end":{"line":28,"column":111}},"22":{"start":{"line":29,"column":2},"end":{"line":29,"column":89}},"23":{"start":{"line":32,"column":0},"end":{"line":37,"column":2}}},"fnMap":{"0":{"name":"(anonymous_0)","decl":{"start":{"line":7,"column":22},"end":{"line":7,"column":23}},"loc":{"start":{"line":7,"column":42},"end":{"line":10,"column":1}},"line":7},"1":{"name":"(anonymous_1)","decl":{"start":{"line":12,"column":20},"end":{"line":12,"column":21}},"loc":{"start":{"line":12,"column":40},"end":{"line":18,"column":1}},"line":12},"2":{"name":"(anonymous_2)","decl":{"start":{"line":13,"column":43},"end":{"line":13,"column":44}},"loc":{"start":{"line":13,"column":49},"end":{"line":13,"column":61}},"line":13},"3":{"name":"(anonymous_3)","decl":{"start":{"line":20,"column":23},"end":{"line":20,"column":24}},"loc":{"start":{"line":20,"column":43},"end":{"line":24,"column":1}},"line":20},"4":{"name":"(anonymous_4)","decl":{"start":{"line":21,"column":43},"end":{"line":21,"column":44}},"loc":{"start":{"line":21,"column":49},"end":{"line":21,"column":61}},"line":21},"5":{"name":"(anonymous_5)","decl":{"start":{"line":26,"column":28},"end":{"line":26,"column":29}},"loc":{"start":{"line":26,"column":48},"end":{"line":30,"column":1}},"line":26},"6":{"name":"(anonymous_6)","decl":{"start":{"line":27,"column":43},"end":{"line":27,"column":44}},"loc":{"start":{"line":27,"column":49},"end":{"line":27,"column":61}},"line":27}},"branchMap":{},"s":{"0":7,"1":7,"2":7,"3":7,"4":8,"5":6,"6":7,"7":0,"8":0,"9":0,"10":0,"11":0,"12":0,"13":7,"14":0,"15":0,"16":0,"17":0,"18":7,"19":7,"20":7,"21":7,"22":6,"23":7},"f":{"0":8,"1":0,"2":0,"3":0,"4":0,"5":7,"6":7},"b":{},"_coverageSchema":"1a1c01bbd47fc00a2c39e90264f33305004495a9","hash":"c235d69a8e9361dccf59c60ed5138e76201ac1ac"}
,"C:\\Users\\niraj\\Desktop\\ServiceHub\\src\\modules\\bookings\\booking.routes.js": {"path":"C:\\Users\\niraj\\Desktop\\ServiceHub\\src\\modules\\bookings\\booking.routes.js","statementMap":{"0":{"start":{"line":3,"column":16},"end":{"line":3,"column":34}},"1":{"start":{"line":4,"column":16},"end":{"line":4,"column":32}},"2":{"start":{"line":6,"column":26},"end":{"line":6,"column":57}},"3":{"start":{"line":7,"column":26},"end":{"line":7,"column":69}},"4":{"start":{"line":8,"column":26},"end":{"line":8,"column":69}},"5":{"start":{"line":9,"column":26},"end":{"line":9,"column":62}},"6":{"start":{"line":10,"column":76},"end":{"line":10,"column":123}},"7":{"start":{"line":11,"column":42},"end":{"line":11,"column":95}},"8":{"start":{"line":12,"column":18},"end":{"line":12,"column":47}},"9":{"start":{"line":58,"column":0},"end":{"line":65,"column":2}},"10":{"start":{"line":92,"column":0},"end":{"line":99,"column":2}},"11":{"start":{"line":128,"column":0},"end":{"line":135,"column":2}},"12":{"start":{"line":179,"column":0},"end":{"line":187,"column":2}},"13":{"start":{"line":189,"column":0},"end":{"line":189,"column":24}}},"fnMap":{},"branchMap":{},"s":{"0":7,"1":7,"2":7,"3":7,"4":7,"5":7,"6":7,"7":7,"8":7,"9":7,"10":7,"11":7,"12":7,"13":7},"f":{},"b":{},"_coverageSchema":"1a1c01bbd47fc00a2c39e90264f33305004495a9","hash":"ba04aaaf1dfbcc98e61614480ce633e77bb02d45"}
,"C:\\Users\\niraj\\Desktop\\ServiceHub\\src\\modules\\bookings\\booking.service.js": {"path":"C:\\Users\\niraj\\Desktop\\ServiceHub\\src\\modules\\bookings\\booking.service.js","statementMap":{"0":{"start":{"line":3,"column":15},"end":{"line":3,"column":45}},"1":{"start":{"line":4,"column":17},"end":{"line":4,"column":48}},"2":{"start":{"line":5,"column":24},"end":{"line":5,"column":52}},"3":{"start":{"line":6,"column":20},"end":{"line":6,"column":61}},"4":{"start":{"line":7,"column":58},"end":{"line":7,"column":96}},"5":{"start":{"line":8,"column":32},"end":{"line":8,"column":68}},"6":{"start":{"line":12,"column":24},"end":{"line":17,"column":1}},"7":{"start":{"line":19,"column":20},"end":{"line":62,"column":1}},"8":{"start":{"line":20,"column":16},"end":{"line":20,"column":18}},"9":{"start":{"line":22,"column":2},"end":{"line":24,"column":3}},"10":{"start":{"line":23,"column":4},"end":{"line":23,"column":34}},"11":{"start":{"line":26,"column":23},"end":{"line":26,"column":25}},"12":{"start":{"line":28,"column":2},"end":{"line":30,"column":3}},"13":{"start":{"line":29,"column":4},"end":{"line":29,"column":46}},"14":{"start":{"line":32,"column":2},"end":{"line":37,"column":3}},"15":{"start":{"line":33,"column":23},"end":{"line":33,"column":56}},"16":{"start":{"line":34,"column":4},"end":{"line":36,"column":5}},"17":{"start":{"line":35,"column":6},"end":{"line":35,"column":40}},"18":{"start":{"line":39,"column":2},"end":{"line":41,"column":3}},"19":{"start":{"line":40,"column":4},"end":{"line":40,"column":14}},"20":{"start":{"line":44,"column":2},"end":{"line":46,"column":3}},"21":{"start":{"line":45,"column":4},"end":{"line":45,"column":28}},"22":{"start":{"line":48,"column":38},"end":{"line":48,"column":67}},"23":{"start":{"line":50,"column":24},"end":{"line":59,"column":4}},"24":{"start":{"line":61,"column":2},"end":{"line":61,"column":59}},"25":{"start":{"line":64,"column":23},"end":{"line":92,"column":1}},"26":{"start":{"line":65,"column":18},"end":{"line":68,"column":4}},"27":{"start":{"line":70,"column":2},"end":{"line":72,"column":3}},"28":{"start":{"line":71,"column":4},"end":{"line":71,"column":67}},"29":{"start":{"line":74,"column":2},"end":{"line":74,"column":52}},"30":{"start":{"line":74,"column":36},"end":{"line":74,"column":51}},"31":{"start":{"line":76,"column":16},"end":{"line":76,"column":21}},"32":{"start":{"line":77,"column":2},"end":{"line":79,"column":3}},"33":{"start":{"line":78,"column":4},"end":{"line":78,"column":19}},"34":{"start":{"line":80,"column":2},"end":{"line":85,"column":3}},"35":{"start":{"line":81,"column":23},"end":{"line":81,"column":56}},"36":{"start":{"line":82,"column":4},"end":{"line":84,"column":5}},"37":{"start":{"line":83,"column":6},"end":{"line":83,"column":21}},"38":{"start":{"line":87,"column":2},"end":{"line":89,"column":3}},"39":{"start":{"line":88,"column":4},"end":{"line":88,"column":97}},"40":{"start":{"line":91,"column":2},"end":{"line":91,"column":17}},"41":{"start":{"line":94,"column":22},"end":{"line":190,"column":1}},"42":{"start":{"line":95,"column":73},"end":{"line":95,"column":80}},"43":{"start":{"line":97,"column":18},"end":{"line":97,"column":79}},"44":{"start":{"line":98,"column":2},"end":{"line":98,"column":81}},"45":{"start":{"line":98,"column":17},"end":{"line":98,"column":80}},"46":{"start":{"line":99,"column":2},"end":{"line":101,"column":3}},"47":{"start":{"line":100,"column":4},"end":{"line":100,"column":96}},"48":{"start":{"line":103,"column":13},"end":{"line":106,"column":4}},"49":{"start":{"line":108,"column":2},"end":{"line":108,"column":85}},"50":{"start":{"line":108,"column":12},"end":{"line":108,"column":84}},"51":{"start":{"line":109,"column":2},"end":{"line":111,"column":3}},"52":{"start":{"line":110,"column":4},"end":{"line":110,"column":98}},"53":{"start":{"line":113,"column":21},"end":{"line":113,"column":110}},"54":{"start":{"line":114,"column":23},"end":{"line":114,"column":37}},"55":{"start":{"line":116,"column":2},"end":{"line":144,"column":3}},"56":{"start":{"line":117,"column":19},"end":{"line":117,"column":78}},"57":{"start":{"line":118,"column":4},"end":{"line":118,"column":81}},"58":{"start":{"line":118,"column":18},"end":{"line":118,"column":80}},"59":{"start":{"line":120,"column":16},"end":{"line":120,"column":26}},"60":{"start":{"line":121,"column":4},"end":{"line":123,"column":5}},"61":{"start":{"line":122,"column":6},"end":{"line":122,"column":92}},"62":{"start":{"line":126,"column":4},"end":{"line":128,"column":5}},"63":{"start":{"line":127,"column":6},"end":{"line":127,"column":134}},"64":{"start":{"line":130,"column":4},"end":{"line":139,"column":5}},"65":{"start":{"line":131,"column":6},"end":{"line":131,"column":57}},"66":{"start":{"line":132,"column":11},"end":{"line":139,"column":5}},"67":{"start":{"line":133,"column":25},"end":{"line":133,"column":73}},"68":{"start":{"line":134,"column":31},"end":{"line":134,"column":59}},"69":{"start":{"line":135,"column":6},"end":{"line":137,"column":7}},"70":{"start":{"line":136,"column":8},"end":{"line":136,"column":61}},"71":{"start":{"line":138,"column":6},"end":{"line":138,"column":42}},"72":{"start":{"line":141,"column":4},"end":{"line":143,"column":5}},"73":{"start":{"line":142,"column":6},"end":{"line":142,"column":34}},"74":{"start":{"line":146,"column":22},"end":{"line":146,"column":54}},"75":{"start":{"line":148,"column":2},"end":{"line":189,"column":5}},"76":{"start":{"line":149,"column":20},"end":{"line":163,"column":6}},"77":{"start":{"line":165,"column":4},"end":{"line":183,"column":5}},"78":{"start":{"line":166,"column":28},"end":{"line":169,"column":8}},"79":{"start":{"line":172,"column":6},"end":{"line":174,"column":7}},"80":{"start":{"line":173,"column":8},"end":{"line":173,"column":91}},"81":{"start":{"line":176,"column":6},"end":{"line":182,"column":9}},"82":{"start":{"line":185,"column":4},"end":{"line":188,"column":7}},"83":{"start":{"line":192,"column":28},"end":{"line":263,"column":1}},"84":{"start":{"line":193,"column":41},"end":{"line":193,"column":48}},"85":{"start":{"line":194,"column":18},"end":{"line":194,"column":68}},"86":{"start":{"line":196,"column":18},"end":{"line":196,"column":45}},"87":{"start":{"line":197,"column":19},"end":{"line":197,"column":24}},"88":{"start":{"line":198,"column":19},"end":{"line":198,"column":24}},"89":{"start":{"line":200,"column":2},"end":{"line":200,"column":91}},"90":{"start":{"line":200,"column":72},"end":{"line":200,"column":90}},"91":{"start":{"line":202,"column":2},"end":{"line":205,"column":3}},"92":{"start":{"line":203,"column":23},"end":{"line":203,"column":56}},"93":{"start":{"line":204,"column":4},"end":{"line":204,"column":77}},"94":{"start":{"line":204,"column":58},"end":{"line":204,"column":76}},"95":{"start":{"line":216,"column":2},"end":{"line":235,"column":3}},"96":{"start":{"line":217,"column":20},"end":{"line":217,"column":34}},"97":{"start":{"line":218,"column":30},"end":{"line":220,"column":5}},"98":{"start":{"line":219,"column":6},"end":{"line":219,"column":162}},"99":{"start":{"line":222,"column":4},"end":{"line":234,"column":5}},"100":{"start":{"line":223,"column":6},"end":{"line":227,"column":7}},"101":{"start":{"line":224,"column":8},"end":{"line":224,"column":84}},"102":{"start":{"line":224,"column":63},"end":{"line":224,"column":83}},"103":{"start":{"line":226,"column":8},"end":{"line":226,"column":28}},"104":{"start":{"line":228,"column":11},"end":{"line":234,"column":5}},"105":{"start":{"line":229,"column":6},"end":{"line":229,"column":81}},"106":{"start":{"line":229,"column":60},"end":{"line":229,"column":80}},"107":{"start":{"line":230,"column":6},"end":{"line":230,"column":85}},"108":{"start":{"line":230,"column":64},"end":{"line":230,"column":84}},"109":{"start":{"line":231,"column":6},"end":{"line":231,"column":85}},"110":{"start":{"line":231,"column":64},"end":{"line":231,"column":84}},"111":{"start":{"line":232,"column":6},"end":{"line":232,"column":83}},"112":{"start":{"line":232,"column":62},"end":{"line":232,"column":82}},"113":{"start":{"line":233,"column":6},"end":{"line":233,"column":108}},"114":{"start":{"line":233,"column":87},"end":{"line":233,"column":107}},"115":{"start":{"line":237,"column":15},"end":{"line":237,"column":25}},"116":{"start":{"line":238,"column":2},"end":{"line":240,"column":3}},"117":{"start":{"line":239,"column":4},"end":{"line":239,"column":49}},"118":{"start":{"line":241,"column":2},"end":{"line":243,"column":3}},"119":{"start":{"line":242,"column":4},"end":{"line":242,"column":34}},"120":{"start":{"line":245,"column":2},"end":{"line":262,"column":5}},"121":{"start":{"line":246,"column":27},"end":{"line":250,"column":6}},"122":{"start":{"line":252,"column":4},"end":{"line":259,"column":7}},"123":{"start":{"line":261,"column":4},"end":{"line":261,"column":26}},"124":{"start":{"line":265,"column":0},"end":{"line":270,"column":2}}},"fnMap":{"0":{"name":"(anonymous_0)","decl":{"start":{"line":19,"column":20},"end":{"line":19,"column":21}},"loc":{"start":{"line":19,"column":63},"end":{"line":62,"column":1}},"line":19},"1":{"name":"(anonymous_1)","decl":{"start":{"line":64,"column":23},"end":{"line":64,"column":24}},"loc":{"start":{"line":64,"column":63},"end":{"line":92,"column":1}},"line":64},"2":{"name":"(anonymous_2)","decl":{"start":{"line":94,"column":22},"end":{"line":94,"column":23}},"loc":{"start":{"line":94,"column":53},"end":{"line":190,"column":1}},"line":94},"3":{"name":"(anonymous_3)","decl":{"start":{"line":148,"column":29},"end":{"line":148,"column":30}},"loc":{"start":{"line":148,"column":43},"end":{"line":189,"column":3}},"line":148},"4":{"name":"(anonymous_4)","decl":{"start":{"line":192,"column":28},"end":{"line":192,"column":29}},"loc":{"start":{"line":192,"column":77},"end":{"line":263,"column":1}},"line":192},"5":{"name":"(anonymous_5)","decl":{"start":{"line":218,"column":30},"end":{"line":218,"column":31}},"loc":{"start":{"line":218,"column":36},"end":{"line":220,"column":5}},"line":218},"6":{"name":"(anonymous_6)","decl":{"start":{"line":245,"column":29},"end":{"line":245,"column":30}},"loc":{"start":{"line":245,"column":43},"end":{"line":262,"column":3}},"line":245}},"branchMap":{"0":{"loc":{"start":{"line":19,"column":46},"end":{"line":19,"column":58}},"type":"default-arg","locations":[{"start":{"line":19,"column":56},"end":{"line":19,"column":58}}],"line":19},"1":{"loc":{"start":{"line":22,"column":2},"end":{"line":24,"column":3}},"type":"if","locations":[{"start":{"line":22,"column":2},"end":{"line":24,"column":3}},{"start":{},"end":{}}],"line":22},"2":{"loc":{"start":{"line":28,"column":2},"end":{"line":30,"column":3}},"type":"if","locations":[{"start":{"line":28,"column":2},"end":{"line":30,"column":3}},{"start":{},"end":{}}],"line":28},"3":{"loc":{"start":{"line":32,"column":2},"end":{"line":37,"column":3}},"type":"if","locations":[{"start":{"line":32,"column":2},"end":{"line":37,"column":3}},{"start":{},"end":{}}],"line":32},"4":{"loc":{"start":{"line":34,"column":4},"end":{"line":36,"column":5}},"type":"if","locations":[{"start":{"line":34,"column":4},"end":{"line":36,"column":5}},{"start":{},"end":{}}],"line":34},"5":{"loc":{"start":{"line":39,"column":2},"end":{"line":41,"column":3}},"type":"if","locations":[{"start":{"line":39,"column":2},"end":{"line":41,"column":3}},{"start":{},"end":{}}],"line":39},"6":{"loc":{"start":{"line":39,"column":6},"end":{"line":39,"column":63}},"type":"binary-expr","locations":[{"start":{"line":39,"column":6},"end":{"line":39,"column":31}},{"start":{"line":39,"column":35},"end":{"line":39,"column":63}}],"line":39},"7":{"loc":{"start":{"line":44,"column":2},"end":{"line":46,"column":3}},"type":"if","locations":[{"start":{"line":44,"column":2},"end":{"line":46,"column":3}},{"start":{},"end":{}}],"line":44},"8":{"loc":{"start":{"line":70,"column":2},"end":{"line":72,"column":3}},"type":"if","locations":[{"start":{"line":70,"column":2},"end":{"line":72,"column":3}},{"start":{},"end":{}}],"line":70},"9":{"loc":{"start":{"line":74,"column":2},"end":{"line":74,"column":52}},"type":"if","locations":[{"start":{"line":74,"column":2},"end":{"line":74,"column":52}},{"start":{},"end":{}}],"line":74},"10":{"loc":{"start":{"line":77,"column":2},"end":{"line":79,"column":3}},"type":"if","locations":[{"start":{"line":77,"column":2},"end":{"line":79,"column":3}},{"start":{},"end":{}}],"line":77},"11":{"loc":{"start":{"line":77,"column":6},"end":{"line":77,"column":69}},"type":"binary-expr","locations":[{"start":{"line":77,"column":6},"end":{"line":77,"column":36}},{"start":{"line":77,"column":40},"end":{"line":77,"column":69}}],"line":77},"12":{"loc":{"start":{"line":80,"column":2},"end":{"line":85,"column":3}},"type":"if","locations":[{"start":{"line":80,"column":2},"end":{"line":85,"column":3}},{"start":{},"end":{}}],"line":80},"13":{"loc":{"start":{"line":80,"column":6},"end":{"line":80,"column":48}},"type":"binary-expr","locations":[{"start":{"line":80,"column":6},"end":{"line":80,"column":14}},{"start":{"line":80,"column":18},"end":{"line":80,"column":48}}],"line":80},"14":{"loc":{"start":{"line":82,"column":4},"end":{"line":84,"column":5}},"type":"if","locations":[{"start":{"line":82,"column":4},"end":{"line":84,"column":5}},{"start":{},"end":{}}],"line":82},"15":{"loc":{"start":{"line":82,"column":8},"end":{"line":82,"column":55}},"type":"binary-expr","locations":[{"start":{"line":82,"column":8},"end":{"line":82,"column":18}},{"start":{"line":82,"column":22},"end":{"line":82,"column":55}}],"line":82},"16":{"loc":{"start":{"line":87,"column":2},"end":{"line":89,"column":3}},"type":"if","locations":[{"start":{"line":87,"column":2},"end":{"line":89,"column":3}},{"start":{},"end":{}}],"line":87},"17":{"loc":{"start":{"line":98,"column":2},"end":{"line":98,"column":81}},"type":"if","locations":[{"start":{"line":98,"column":2},"end":{"line":98,"column":81}},{"start":{},"end":{}}],"line":98},"18":{"loc":{"start":{"line":99,"column":2},"end":{"line":101,"column":3}},"type":"if","locations":[{"start":{"line":99,"column":2},"end":{"line":101,"column":3}},{"start":{},"end":{}}],"line":99},"19":{"loc":{"start":{"line":108,"column":2},"end":{"line":108,"column":85}},"type":"if","locations":[{"start":{"line":108,"column":2},"end":{"line":108,"column":85}},{"start":{},"end":{}}],"line":108},"20":{"loc":{"start":{"line":109,"column":2},"end":{"line":111,"column":3}},"type":"if","locations":[{"start":{"line":109,"column":2},"end":{"line":111,"column":3}},{"start":{},"end":{}}],"line":109},"21":{"loc":{"start":{"line":109,"column":6},"end":{"line":109,"column":45}},"type":"binary-expr","locations":[{"start":{"line":109,"column":6},"end":{"line":109,"column":21}},{"start":{"line":109,"column":25},"end":{"line":109,"column":45}}],"line":109},"22":{"loc":{"start":{"line":113,"column":21},"end":{"line":113,"column":110}},"type":"cond-expr","locations":[{"start":{"line":113,"column":47},"end":{"line":113,"column":74}},{"start":{"line":113,"column":77},"end":{"line":113,"column":110}}],"line":113},"23":{"loc":{"start":{"line":116,"column":2},"end":{"line":144,"column":3}},"type":"if","locations":[{"start":{"line":116,"column":2},"end":{"line":144,"column":3}},{"start":{},"end":{}}],"line":116},"24":{"loc":{"start":{"line":118,"column":4},"end":{"line":118,"column":81}},"type":"if","locations":[{"start":{"line":118,"column":4},"end":{"line":118,"column":81}},{"start":{},"end":{}}],"line":118},"25":{"loc":{"start":{"line":121,"column":4},"end":{"line":123,"column":5}},"type":"if","locations":[{"start":{"line":121,"column":4},"end":{"line":123,"column":5}},{"start":{},"end":{}}],"line":121},"26":{"loc":{"start":{"line":121,"column":8},"end":{"line":121,"column":87}},"type":"binary-expr","locations":[{"start":{"line":121,"column":8},"end":{"line":121,"column":34}},{"start":{"line":121,"column":38},"end":{"line":121,"column":60}},{"start":{"line":121,"column":64},"end":{"line":121,"column":87}}],"line":121},"27":{"loc":{"start":{"line":126,"column":4},"end":{"line":128,"column":5}},"type":"if","locations":[{"start":{"line":126,"column":4},"end":{"line":128,"column":5}},{"start":{},"end":{}}],"line":126},"28":{"loc":{"start":{"line":126,"column":8},"end":{"line":126,"column":89}},"type":"binary-expr","locations":[{"start":{"line":126,"column":8},"end":{"line":126,"column":37}},{"start":{"line":126,"column":41},"end":{"line":126,"column":89}}],"line":126},"29":{"loc":{"start":{"line":130,"column":4},"end":{"line":139,"column":5}},"type":"if","locations":[{"start":{"line":130,"column":4},"end":{"line":139,"column":5}},{"start":{"line":132,"column":11},"end":{"line":139,"column":5}}],"line":130},"30":{"loc":{"start":{"line":132,"column":11},"end":{"line":139,"column":5}},"type":"if","locations":[{"start":{"line":132,"column":11},"end":{"line":139,"column":5}},{"start":{},"end":{}}],"line":132},"31":{"loc":{"start":{"line":135,"column":6},"end":{"line":137,"column":7}},"type":"if","locations":[{"start":{"line":135,"column":6},"end":{"line":137,"column":7}},{"start":{},"end":{}}],"line":135},"32":{"loc":{"start":{"line":135,"column":10},"end":{"line":135,"column":95}},"type":"binary-expr","locations":[{"start":{"line":135,"column":10},"end":{"line":135,"column":37}},{"start":{"line":135,"column":41},"end":{"line":135,"column":95}}],"line":135},"33":{"loc":{"start":{"line":141,"column":4},"end":{"line":143,"column":5}},"type":"if","locations":[{"start":{"line":141,"column":4},"end":{"line":143,"column":5}},{"start":{},"end":{}}],"line":141},"34":{"loc":{"start":{"line":158,"column":18},"end":{"line":158,"column":34}},"type":"binary-expr","locations":[{"start":{"line":158,"column":18},"end":{"line":158,"column":26}},{"start":{"line":158,"column":30},"end":{"line":158,"column":34}}],"line":158},"35":{"loc":{"start":{"line":165,"column":4},"end":{"line":183,"column":5}},"type":"if","locations":[{"start":{"line":165,"column":4},"end":{"line":183,"column":5}},{"start":{},"end":{}}],"line":165},"36":{"loc":{"start":{"line":172,"column":6},"end":{"line":174,"column":7}},"type":"if","locations":[{"start":{"line":172,"column":6},"end":{"line":174,"column":7}},{"start":{},"end":{}}],"line":172},"37":{"loc":{"start":{"line":172,"column":10},"end":{"line":172,"column":94}},"type":"binary-expr","locations":[{"start":{"line":172,"column":10},"end":{"line":172,"column":41}},{"start":{"line":172,"column":45},"end":{"line":172,"column":94}}],"line":172},"38":{"loc":{"start":{"line":200,"column":2},"end":{"line":200,"column":91}},"type":"if","locations":[{"start":{"line":200,"column":2},"end":{"line":200,"column":91}},{"start":{},"end":{}}],"line":200},"39":{"loc":{"start":{"line":200,"column":6},"end":{"line":200,"column":69}},"type":"binary-expr","locations":[{"start":{"line":200,"column":6},"end":{"line":200,"column":36}},{"start":{"line":200,"column":40},"end":{"line":200,"column":69}}],"line":200},"40":{"loc":{"start":{"line":202,"column":2},"end":{"line":205,"column":3}},"type":"if","locations":[{"start":{"line":202,"column":2},"end":{"line":205,"column":3}},{"start":{},"end":{}}],"line":202},"41":{"loc":{"start":{"line":202,"column":6},"end":{"line":202,"column":51}},"type":"binary-expr","locations":[{"start":{"line":202,"column":6},"end":{"line":202,"column":36}},{"start":{"line":202,"column":40},"end":{"line":202,"column":51}}],"line":202},"42":{"loc":{"start":{"line":204,"column":4},"end":{"line":204,"column":77}},"type":"if","locations":[{"start":{"line":204,"column":4},"end":{"line":204,"column":77}},{"start":{},"end":{}}],"line":204},"43":{"loc":{"start":{"line":204,"column":8},"end":{"line":204,"column":55}},"type":"binary-expr","locations":[{"start":{"line":204,"column":8},"end":{"line":204,"column":18}},{"start":{"line":204,"column":22},"end":{"line":204,"column":55}}],"line":204},"44":{"loc":{"start":{"line":216,"column":2},"end":{"line":235,"column":3}},"type":"if","locations":[{"start":{"line":216,"column":2},"end":{"line":235,"column":3}},{"start":{},"end":{}}],"line":216},"45":{"loc":{"start":{"line":219,"column":88},"end":{"line":219,"column":124}},"type":"cond-expr","locations":[{"start":{"line":219,"column":101},"end":{"line":219,"column":111}},{"start":{"line":219,"column":114},"end":{"line":219,"column":124}}],"line":219},"46":{"loc":{"start":{"line":222,"column":4},"end":{"line":234,"column":5}},"type":"if","locations":[{"start":{"line":222,"column":4},"end":{"line":234,"column":5}},{"start":{"line":228,"column":11},"end":{"line":234,"column":5}}],"line":222},"47":{"loc":{"start":{"line":223,"column":6},"end":{"line":227,"column":7}},"type":"if","locations":[{"start":{"line":223,"column":6},"end":{"line":227,"column":7}},{"start":{"line":225,"column":13},"end":{"line":227,"column":7}}],"line":223},"48":{"loc":{"start":{"line":224,"column":8},"end":{"line":224,"column":84}},"type":"if","locations":[{"start":{"line":224,"column":8},"end":{"line":224,"column":84}},{"start":{},"end":{}}],"line":224},"49":{"loc":{"start":{"line":224,"column":12},"end":{"line":224,"column":60}},"type":"binary-expr","locations":[{"start":{"line":224,"column":12},"end":{"line":224,"column":33}},{"start":{"line":224,"column":37},"end":{"line":224,"column":60}}],"line":224},"50":{"loc":{"start":{"line":228,"column":11},"end":{"line":234,"column":5}},"type":"if","locations":[{"start":{"line":228,"column":11},"end":{"line":234,"column":5}},{"start":{},"end":{}}],"line":228},"51":{"loc":{"start":{"line":229,"column":6},"end":{"line":229,"column":81}},"type":"if","locations":[{"start":{"line":229,"column":6},"end":{"line":229,"column":81}},{"start":{},"end":{}}],"line":229},"52":{"loc":{"start":{"line":229,"column":10},"end":{"line":229,"column":57}},"type":"binary-expr","locations":[{"start":{"line":229,"column":10},"end":{"line":229,"column":32}},{"start":{"line":229,"column":36},"end":{"line":229,"column":57}}],"line":229},"53":{"loc":{"start":{"line":230,"column":6},"end":{"line":230,"column":85}},"type":"if","locations":[{"start":{"line":230,"column":6},"end":{"line":230,"column":85}},{"start":{},"end":{}}],"line":230},"54":{"loc":{"start":{"line":230,"column":10},"end":{"line":230,"column":61}},"type":"binary-expr","locations":[{"start":{"line":230,"column":10},"end":{"line":230,"column":34}},{"start":{"line":230,"column":38},"end":{"line":230,"column":61}}],"line":230},"55":{"loc":{"start":{"line":231,"column":6},"end":{"line":231,"column":85}},"type":"if","locations":[{"start":{"line":231,"column":6},"end":{"line":231,"column":85}},{"start":{},"end":{}}],"line":231},"56":{"loc":{"start":{"line":231,"column":10},"end":{"line":231,"column":61}},"type":"binary-expr","locations":[{"start":{"line":231,"column":10},"end":{"line":231,"column":32}},{"start":{"line":231,"column":36},"end":{"line":231,"column":61}}],"line":231},"57":{"loc":{"start":{"line":232,"column":6},"end":{"line":232,"column":83}},"type":"if","locations":[{"start":{"line":232,"column":6},"end":{"line":232,"column":83}},{"start":{},"end":{}}],"line":232},"58":{"loc":{"start":{"line":232,"column":10},"end":{"line":232,"column":59}},"type":"binary-expr","locations":[{"start":{"line":232,"column":10},"end":{"line":232,"column":30}},{"start":{"line":232,"column":34},"end":{"line":232,"column":59}}],"line":232},"59":{"loc":{"start":{"line":233,"column":6},"end":{"line":233,"column":108}},"type":"if","locations":[{"start":{"line":233,"column":6},"end":{"line":233,"column":108}},{"start":{},"end":{}}],"line":233},"60":{"loc":{"start":{"line":233,"column":10},"end":{"line":233,"column":84}},"type":"binary-expr","locations":[{"start":{"line":233,"column":10},"end":{"line":233,"column":32}},{"start":{"line":233,"column":36},"end":{"line":233,"column":57}},{"start":{"line":233,"column":61},"end":{"line":233,"column":84}}],"line":233},"61":{"loc":{"start":{"line":238,"column":2},"end":{"line":240,"column":3}},"type":"if","locations":[{"start":{"line":238,"column":2},"end":{"line":240,"column":3}},{"start":{},"end":{}}],"line":238},"62":{"loc":{"start":{"line":238,"column":6},"end":{"line":238,"column":50}},"type":"binary-expr","locations":[{"start":{"line":238,"column":6},"end":{"line":238,"column":28}},{"start":{"line":238,"column":32},"end":{"line":238,"column":50}}],"line":238},"63":{"loc":{"start":{"line":241,"column":2},"end":{"line":243,"column":3}},"type":"if","locations":[{"start":{"line":241,"column":2},"end":{"line":243,"column":3}},{"start":{},"end":{}}],"line":241},"64":{"loc":{"start":{"line":257,"column":16},"end":{"line":257,"column":67}},"type":"binary-expr","locations":[{"start":{"line":257,"column":16},"end":{"line":257,"column":34}},{"start":{"line":257,"column":38},"end":{"line":257,"column":67}}],"line":257}},"s":{"0":7,"1":7,"2":7,"3":7,"4":7,"5":7,"6":7,"7":7,"8":0,"9":0,"10":0,"11":0,"12":0,"13":0,"14":0,"15":0,"16":0,"17":0,"18":0,"19":0,"20":0,"21":0,"22":0,"23":0,"24":0,"25":7,"26":7,"27":7,"28":0,"29":7,"30":0,"31":7,"32":7,"33":0,"34":7,"35":7,"36":7,"37":7,"38":7,"39":0,"40":7,"41":7,"42":8,"43":8,"44":8,"45":0,"46":8,"47":0,"48":8,"49":8,"50":0,"51":8,"52":0,"53":8,"54":8,"55":8,"56":4,"57":4,"58":0,"59":4,"60":4,"61":1,"62":3,"63":0,"64":3,"65":0,"66":3,"67":3,"68":3,"69":3,"70":3,"71":3,"72":3,"73":0,"74":7,"75":7,"76":7,"77":7,"78":3,"79":3,"80":1,"81":2,"82":6,"83":7,"84":7,"85":7,"86":7,"87":7,"88":7,"89":7,"90":0,"91":7,"92":7,"93":7,"94":7,"95":7,"96":7,"97":7,"98":1,"99":7,"100":0,"101":0,"102":0,"103":0,"104":7,"105":7,"106":0,"107":7,"108":0,"109":7,"110":1,"111":6,"112":0,"113":6,"114":0,"115":6,"116":6,"117":0,"118":6,"119":2,"120":6,"121":6,"122":6,"123":6,"124":7},"f":{"0":0,"1":7,"2":8,"3":7,"4":7,"5":1,"6":6},"b":{"0":[0],"1":[0,0],"2":[0,0],"3":[0,0],"4":[0,0],"5":[0,0],"6":[0,0],"7":[0,0],"8":[0,7],"9":[0,7],"10":[0,7],"11":[7,0],"12":[7,0],"13":[7,7],"14":[7,0],"15":[7,7],"16":[0,7],"17":[0,8],"18":[0,8],"19":[0,8],"20":[0,8],"21":[8,8],"22":[8,0],"23":[4,4],"24":[0,4],"25":[1,3],"26":[4,4,4],"27":[0,3],"28":[3,3],"29":[0,3],"30":[3,0],"31":[3,0],"32":[3,3],"33":[0,3],"34":[7,4],"35":[3,4],"36":[1,2],"37":[3,3],"38":[0,7],"39":[7,0],"40":[7,0],"41":[7,7],"42":[7,0],"43":[7,7],"44":[7,0],"45":[0,1],"46":[0,7],"47":[0,0],"48":[0,0],"49":[0,0],"50":[7,0],"51":[0,7],"52":[7,2],"53":[0,7],"54":[7,2],"55":[1,6],"56":[7,3],"57":[0,6],"58":[6,0],"59":[0,6],"60":[6,0,0],"61":[0,6],"62":[6,0],"63":[2,4],"64":[6,6]},"_coverageSchema":"1a1c01bbd47fc00a2c39e90264f33305004495a9","hash":"18c0548e82d540d5f7f0c991d631fd5bc2e18447"}
[...]
,"C:\\Users\\niraj\\Desktop\\ServiceHub\\src\\utils\\password.util.js": {"path":"C:\\Users\\niraj\\Desktop\\ServiceHub\\src\\utils\\password.util.js","statementMap":{"0":{"start":{"line":3,"column":15},"end":{"line":3,"column":32}},"1":{"start":{"line":4,"column":24},"end":{"line":4,"column":59}},"2":{"start":{"line":17,"column":21},"end":{"line":19,"column":1}},"3":{"start":{"line":18,"column":2},"end":{"line":18,"column":59}},"4":{"start":{"line":28,"column":24},"end":{"line":30,"column":1}},"5":{"start":{"line":29,"column":2},"end":{"line":29,"column":65}},"6":{"start":{"line":32,"column":0},"end":{"line":35,"column":2}}},"fnMap":{"0":{"name":"(anonymous_0)","decl":{"start":{"line":17,"column":21},"end":{"line":17,"column":22}},"loc":{"start":{"line":17,"column":50},"end":{"line":19,"column":1}},"line":17},"1":{"name":"(anonymous_1)","decl":{"start":{"line":28,"column":24},"end":{"line":28,"column":25}},"loc":{"start":{"line":28,"column":69},"end":{"line":30,"column":1}},"line":28}},"branchMap":{},"s":{"0":7,"1":7,"2":7,"3":27,"4":7,"5":1,"6":7},"f":{"0":27,"1":1},"b":{},"_coverageSchema":"1a1c01bbd47fc00a2c39e90264f33305004495a9","hash":"7b75813721bb04be5d0f9bc59174840300827138"}
,"C:\\Users\\niraj\\Desktop\\ServiceHub\\src\\utils\\provider.util.js": {"path":"C:\\Users\\niraj\\Desktop\\ServiceHub\\src\\utils\\provider.util.js","statementMap":{"0":{"start":{"line":3,"column":15},"end":{"line":3,"column":42}},"1":{"start":{"line":4,"column":17},"end":{"line":4,"column":38}},"2":{"start":{"line":5,"column":24},"end":{"line":5,"column":52}},"3":{"start":{"line":22,"column":22},"end":{"line":31,"column":1}},"4":{"start":{"line":23,"column":13},"end":{"line":26,"column":4}},"5":{"start":{"line":27,"column":2},"end":{"line":29,"column":3}},"6":{"start":{"line":28,"column":4},"end":{"line":28,"column":77}},"7":{"start":{"line":30,"column":2},"end":{"line":30,"column":15}},"8":{"start":{"line":40,"column":28},"end":{"line":46,"column":1}},"9":{"start":{"line":41,"column":13},"end":{"line":44,"column":4}},"10":{"start":{"line":45,"column":2},"end":{"line":45,"column":27}},"11":{"start":{"line":48,"column":0},"end":{"line":48,"column":56}}},"fnMap":{"0":{"name":"(anonymous_0)","decl":{"start":{"line":22,"column":22},"end":{"line":22,"column":23}},"loc":{"start":{"line":22,"column":40},"end":{"line":31,"column":1}},"line":22},"1":{"name":"(anonymous_1)","decl":{"start":{"line":40,"column":28},"end":{"line":40,"column":29}},"loc":{"start":{"line":40,"column":46},"end":{"line":46,"column":1}},"line":40}},"branchMap":{"0":{"loc":{"start":{"line":27,"column":2},"end":{"line":29,"column":3}},"type":"if","locations":[{"start":{"line":27,"column":2},"end":{"line":29,"column":3}},{"start":{},"end":{}}],"line":27},"1":{"loc":{"start":{"line":45,"column":9},"end":{"line":45,"column":26}},"type":"cond-expr","locations":[{"start":{"line":45,"column":14},"end":{"line":45,"column":19}},{"start":{"line":45,"column":22},"end":{"line":45,"column":26}}],"line":45}},"s":{"0":7,"1":7,"2":7,"3":7,"4":0,"5":0,"6":0,"7":0,"8":7,"9":14,"10":14,"11":7},"f":{"0":0,"1":14},"b":{"0":[0,0],"1":[14,0]},"_coverageSchema":"1a1c01bbd47fc00a2c39e90264f33305004495a9","hash":"a725e07d12fbc27f2690f11708f165276c93ec2b"}
,"C:\\Users\\niraj\\Desktop\\ServiceHub\\src\\utils\\sanitize.util.js": {"path":"C:\\Users\\niraj\\Desktop\\ServiceHub\\src\\utils\\sanitize.util.js","statementMap":{"0":{"start":{"line":15,"column":27},"end":{"line":25,"column":1}},"1":{"start":{"line":16,"column":2},"end":{"line":16,"column":44}},"2":{"start":{"line":16,"column":32},"end":{"line":16,"column":43}},"3":{"start":{"line":19,"column":2},"end":{"line":24,"column":34}},"4":{"start":{"line":27,"column":26},"end":{"line":32,"column":1}},"5":{"start":{"line":28,"column":2},"end":{"line":28,"column":44}},"6":{"start":{"line":28,"column":32},"end":{"line":28,"column":43}},"7":{"start":{"line":31,"column":2},"end":{"line":31,"column":44}},"8":{"start":{"line":34,"column":0},"end":{"line":37,"column":2}}},"fnMap":{"0":{"name":"(anonymous_0)","decl":{"start":{"line":15,"column":27},"end":{"line":15,"column":28}},"loc":{"start":{"line":15,"column":36},"end":{"line":25,"column":1}},"line":15},"1":{"name":"(anonymous_1)","decl":{"start":{"line":27,"column":26},"end":{"line":27,"column":27}},"loc":{"start":{"line":27,"column":35},"end":{"line":32,"column":1}},"line":27}},"branchMap":{"0":{"loc":{"start":{"line":16,"column":2},"end":{"line":16,"column":44}},"type":"if","locations":[{"start":{"line":16,"column":2},"end":{"line":16,"column":44}},{"start":{},"end":{}}],"line":16},"1":{"loc":{"start":{"line":28,"column":2},"end":{"line":28,"column":44}},"type":"if","locations":[{"start":{"line":28,"column":2},"end":{"line":28,"column":44}},{"start":{},"end":{}}],"line":28}},"s":{"0":7,"1":0,"2":0,"3":0,"4":7,"5":4,"6":0,"7":4,"8":7},"f":{"0":0,"1":4},"b":{"0":[0,0],"1":[0,4]},"_coverageSchema":"1a1c01bbd47fc00a2c39e90264f33305004495a9","hash":"3b0800c311be283ff77c0ce74c130f140b9ab460"}
,"C:\\Users\\niraj\\Desktop\\ServiceHub\\src\\validations\\address.validation.js": {"path":"C:\\Users\\niraj\\Desktop\\ServiceHub\\src\\validations\\address.validation.js","statementMap":{"0":{"start":{"line":3,"column":24},"end":{"line":3,"column":52}},"1":{"start":{"line":8,"column":23},"end":{"line":13,"column":1}},"2":{"start":{"line":18,"column":32},"end":{"line":68,"column":1}},"3":{"start":{"line":73,"column":32},"end":{"line":134,"column":1}},"4":{"start":{"line":136,"column":0},"end":{"line":140,"column":2}}},"fnMap":{},"branchMap":{},"s":{"0":7,"1":7,"2":7,"3":7,"4":7},"f":{},"b":{},"_coverageSchema":"1a1c01bbd47fc00a2c39e90264f33305004495a9","hash":"5d0371a2cf35869800196c44fe6c4368d6464dfb"}
,"C:\\Users\\niraj\\Desktop\\ServiceHub\\src\\validations\\admin.validation.js": {"path":"C:\\Users\\niraj\\Desktop\\ServiceHub\\src\\validations\\admin.validation.js","statementMap":{"0":{"start":{"line":3,"column":24},"end":{"line":3,"column":52}},"1":{"start":{"line":6,"column":19},"end":{"line":8,"column":1}},"2":{"start":{"line":10,"column":23},"end":{"line":12,"column":1}},"3":{"start":{"line":14,"column":34},"end":{"line":22,"column":1}},"4":{"start":{"line":24,"column":33},"end":{"line":29,"column":1}},"5":{"start":{"line":31,"column":0},"end":{"line":36,"column":2}}},"fnMap":{},"branchMap":{},"s":{"0":7,"1":7,"2":7,"3":7,"4":7,"5":7},"f":{},"b":{},"_coverageSchema":"1a1c01bbd47fc00a2c39e90264f33305004495a9","hash":"75bdb629a838eb7ce75a3c74583ceee860df6e16"}
,"C:\\Users\\niraj\\Desktop\\ServiceHub\\src\\validations\\auth.validation.js": {"path":"C:\\Users\\niraj\\Desktop\\ServiceHub\\src\\validations\\auth.validation.js","statementMap":{"0":{"start":{"line":3,"column":17},"end":{"line":3,"column":45}},"1":{"start":{"line":5,"column":27},"end":{"line":55,"column":1}},"2":{"start":{"line":57,"column":24},"end":{"line":60,"column":1}},"3":{"start":{"line":62,"column":0},"end":{"line":65,"column":2}}},"fnMap":{},"branchMap":{},"s":{"0":7,"1":7,"2":7,"3":7},"f":{},"b":{},"_coverageSchema":"1a1c01bbd47fc00a2c39e90264f33305004495a9","hash":"b7d6c3ec9315a87f445dca6021298f81068cbb55"}
,"C:\\Users\\niraj\\Desktop\\ServiceHub\\src\\validations\\availability.validation.js": {"path":"C:\\Users\\niraj\\Desktop\\ServiceHub\\src\\validations\\availability.validation.js","statementMap":{"0":{"start":{"line":3,"column":24},"end":{"line":3,"column":52}},"1":{"start":{"line":4,"column":22},"end":{"line":4,"column":47}},"2":{"start":{"line":6,"column":19},"end":{"line":6,"column":48}},"3":{"start":{"line":8,"column":37},"end":{"line":36,"column":1}},"4":{"start":{"line":22,"column":20},"end":{"line":22,"column":43}},"5":{"start":{"line":23,"column":6},"end":{"line":29,"column":7}},"6":{"start":{"line":24,"column":22},"end":{"line":24,"column":30}},"7":{"start":{"line":25,"column":26},"end":{"line":25,"column":51}},"8":{"start":{"line":26,"column":8},"end":{"line":28,"column":9}},"9":{"start":{"line":27,"column":10},"end":{"line":27,"column":63}},"10":{"start":{"line":30,"column":6},"end":{"line":30,"column":18}},"11":{"start":{"line":38,"column":32},"end":{"line":57,"column":1}},"12":{"start":{"line":48,"column":6},"end":{"line":50,"column":7}},"13":{"start":{"line":49,"column":8},"end":{"line":49,"column":64}},"14":{"start":{"line":51,"column":6},"end":{"line":51,"column":18}},"15":{"start":{"line":59,"column":23},"end":{"line":61,"column":1}},"16":{"start":{"line":63,"column":0},"end":{"line":67,"column":2}}},"fnMap":{"0":{"name":"(anonymous_0)","decl":{"start":{"line":20,"column":12},"end":{"line":20,"column":13}},"loc":{"start":{"line":20,"column":40},"end":{"line":31,"column":5}},"line":20},"1":{"name":"(anonymous_1)","decl":{"start":{"line":47,"column":12},"end":{"line":47,"column":13}},"loc":{"start":{"line":47,"column":34},"end":{"line":52,"column":5}},"line":47}},"branchMap":{"0":{"loc":{"start":{"line":23,"column":6},"end":{"line":29,"column":7}},"type":"if","locations":[{"start":{"line":23,"column":6},"end":{"line":29,"column":7}},{"start":{},"end":{}}],"line":23},"1":{"loc":{"start":{"line":26,"column":8},"end":{"line":28,"column":9}},"type":"if","locations":[{"start":{"line":26,"column":8},"end":{"line":28,"column":9}},{"start":{},"end":{}}],"line":26},"2":{"loc":{"start":{"line":26,"column":12},"end":{"line":26,"column":45}},"type":"binary-expr","locations":[{"start":{"line":26,"column":12},"end":{"line":26,"column":21}},{"start":{"line":26,"column":25},"end":{"line":26,"column":45}}],"line":26},"3":{"loc":{"start":{"line":48,"column":6},"end":{"line":50,"column":7}},"type":"if","locations":[{"start":{"line":48,"column":6},"end":{"line":50,"column":7}},{"start":{},"end":{}}],"line":48},"4":{"loc":{"start":{"line":48,"column":10},"end":{"line":48,"column":60}},"type":"binary-expr","locations":[{"start":{"line":48,"column":10},"end":{"line":48,"column":28}},{"start":{"line":48,"column":32},"end":{"line":48,"column":60}}],"line":48}},"s":{"0":7,"1":7,"2":7,"3":7,"4":0,"5":0,"6":0,"7":0,"8":0,"9":0,"10":0,"11":7,"12":0,"13":0,"14":0,"15":7,"16":7},"f":{"0":0,"1":0},"b":{"0":[0,0],"1":[0,0],"2":[0,0],"3":[0,0],"4":[0,0]},"_coverageSchema":"1a1c01bbd47fc00a2c39e90264f33305004495a9","hash":"877138e63f2c001d7fcfd86c670729917bec3dbf"}
,"C:\\Users\\niraj\\Desktop\\ServiceHub\\src\\validations\\booking.validation.js": {"path":"C:\\Users\\niraj\\Desktop\\ServiceHub\\src\\validations\\booking.validation.js","statementMap":{"0":{"start":{"line":3,"column":31},"end":{"line":3,"column":59}},"1":{"start":{"line":4,"column":30},"end":{"line":4,"column":63}},"2":{"start":{"line":6,"column":32},"end":{"line":34,"column":1}},"3":{"start":{"line":20,"column":6},"end":{"line":22,"column":7}},"4":{"start":{"line":21,"column":8},"end":{"line":21,"column":61}},"5":{"start":{"line":23,"column":6},"end":{"line":23,"column":18}},"6":{"start":{"line":36,"column":23},"end":{"line":38,"column":1}},"7":{"start":{"line":40,"column":31},"end":{"line":46,"column":1}},"8":{"start":{"line":48,"column":0},"end":{"line":52,"column":2}}},"fnMap":{"0":{"name":"(anonymous_0)","decl":{"start":{"line":19,"column":12},"end":{"line":19,"column":13}},"loc":{"start":{"line":19,"column":21},"end":{"line":24,"column":5}},"line":19}},"branchMap":{"0":{"loc":{"start":{"line":20,"column":6},"end":{"line":22,"column":7}},"type":"if","locations":[{"start":{"line":20,"column":6},"end":{"line":22,"column":7}},{"start":{},"end":{}}],"line":20}},"s":{"0":7,"1":7,"2":7,"3":8,"4":0,"5":8,"6":7,"7":7,"8":7},"f":{"0":8},"b":{"0":[0,8]},"_coverageSchema":"1a1c01bbd47fc00a2c39e90264f33305004495a9","hash":"7dda0f67bff0d97da0a373f0aa1610a75e381327"}
,"C:\\Users\\niraj\\Desktop\\ServiceHub\\src\\validations\\bookingStatus.validation.js": {"path":"C:\\Users\\niraj\\Desktop\\ServiceHub\\src\\validations\\bookingStatus.validation.js","statementMap":{"0":{"start":{"line":3,"column":17},"end":{"line":3,"column":45}},"1":{"start":{"line":4,"column":26},"end":{"line":4,"column":51}},"2":{"start":{"line":5,"column":30},"end":{"line":5,"column":63}},"3":{"start":{"line":7,"column":38},"end":{"line":17,"column":1}},"4":{"start":{"line":19,"column":0},"end":{"line":21,"column":2}}},"fnMap":{},"branchMap":{},"s":{"0":7,"1":7,"2":7,"3":7,"4":7},"f":{},"b":{},"_coverageSchema":"1a1c01bbd47fc00a2c39e90264f33305004495a9","hash":"347af95ba8a6a2b597b0add47cb8a35f102e93ee"}
,"C:\\Users\\niraj\\Desktop\\ServiceHub\\src\\validations\\catalog.validation.js": {"path":"C:\\Users\\niraj\\Desktop\\ServiceHub\\src\\validations\\catalog.validation.js","statementMap":{"0":{"start":{"line":3,"column":25},"end":{"line":3,"column":53}},"1":{"start":{"line":5,"column":30},"end":{"line":18,"column":1}},"2":{"start":{"line":20,"column":23},"end":{"line":24,"column":1}},"3":{"start":{"line":26,"column":0},"end":{"line":29,"column":2}}},"fnMap":{},"branchMap":{},"s":{"0":7,"1":7,"2":7,"3":7},"f":{},"b":{},"_coverageSchema":"1a1c01bbd47fc00a2c39e90264f33305004495a9","hash":"ef92c227364589a91a312e4958f17aa893ad3e41"}
,"C:\\Users\\niraj\\Desktop\\ServiceHub\\src\\validations\\dispute.validation.js": {"path":"C:\\Users\\niraj\\Desktop\\ServiceHub\\src\\validations\\dispute.validation.js","statementMap":{"0":{"start":{"line":3,"column":24},"end":{"line":3,"column":52}},"1":{"start":{"line":4,"column":30},"end":{"line":4,"column":63}},"2":{"start":{"line":6,"column":32},"end":{"line":20,"column":1}},"3":{"start":{"line":22,"column":23},"end":{"line":24,"column":1}},"4":{"start":{"line":26,"column":29},"end":{"line":32,"column":1}},"5":{"start":{"line":34,"column":0},"end":{"line":38,"column":2}}},"fnMap":{},"branchMap":{},"s":{"0":7,"1":7,"2":7,"3":7,"4":7,"5":7},"f":{},"b":{},"_coverageSchema":"1a1c01bbd47fc00a2c39e90264f33305004495a9","hash":"8bbcd2a3f2e5c59c2a213c64f7482bd1d6717d28"}
,"C:\\Users\\niraj\\Desktop\\ServiceHub\\src\\validations\\document.validation.js": {"path":"C:\\Users\\niraj\\Desktop\\ServiceHub\\src\\validations\\document.validation.js","statementMap":{"0":{"start":{"line":3,"column":24},"end":{"line":3,"column":52}},"1":{"start":{"line":5,"column":23},"end":{"line":5,"column":109}},"2":{"start":{"line":7,"column":19},"end":{"line":9,"column":1}},"3":{"start":{"line":11,"column":33},"end":{"line":24,"column":1}},"4":{"start":{"line":26,"column":0},"end":{"line":26,"column":58}}},"fnMap":{},"branchMap":{},"s":{"0":7,"1":7,"2":7,"3":7,"4":7},"f":{},"b":{},"_coverageSchema":"1a1c01bbd47fc00a2c39e90264f33305004495a9","hash":"7836b07b459512b707c31258d8104e1269e17b0b"}
,"C:\\Users\\niraj\\Desktop\\ServiceHub\\src\\validations\\notification.validation.js": {"path":"C:\\Users\\niraj\\Desktop\\ServiceHub\\src\\validations\\notification.validation.js","statementMap":{"0":{"start":{"line":3,"column":25},"end":{"line":3,"column":53}},"1":{"start":{"line":5,"column":28},"end":{"line":9,"column":1}},"2":{"start":{"line":11,"column":36},"end":{"line":24,"column":1}},"3":{"start":{"line":26,"column":0},"end":{"line":29,"column":2}}},"fnMap":{},"branchMap":{},"s":{"0":7,"1":7,"2":7,"3":7},"f":{},"b":{},"_coverageSchema":"1a1c01bbd47fc00a2c39e90264f33305004495a9","hash":"f58dd15c92740cc775dd03150e10d73d43921fdb"}
,"C:\\Users\\niraj\\Desktop\\ServiceHub\\src\\validations\\provider.validation.js": {"path":"C:\\Users\\niraj\\Desktop\\ServiceHub\\src\\validations\\provider.validation.js","statementMap":{"0":{"start":{"line":3,"column":17},"end":{"line":3,"column":45}},"1":{"start":{"line":4,"column":30},"end":{"line":4,"column":63}},"2":{"start":{"line":14,"column":40},"end":{"line":82,"column":1}},"3":{"start":{"line":84,"column":0},"end":{"line":84,"column":53}}},"fnMap":{},"branchMap":{},"s":{"0":7,"1":7,"2":7,"3":7},"f":{},"b":{},"_coverageSchema":"1a1c01bbd47fc00a2c39e90264f33305004495a9","hash":"1d858190d12635f63713dc1e8ead97392da5ce03"}
,"C:\\Users\\niraj\\Desktop\\ServiceHub\\src\\validations\\providerService.validation.js": {"path":"C:\\Users\\niraj\\Desktop\\ServiceHub\\src\\validations\\providerService.validation.js","statementMap":{"0":{"start":{"line":3,"column":24},"end":{"line":3,"column":52}},"1":{"start":{"line":5,"column":20},"end":{"line":7,"column":1}},"2":{"start":{"line":9,"column":40},"end":{"line":25,"column":1}},"3":{"start":{"line":27,"column":40},"end":{"line":41,"column":1}},"4":{"start":{"line":43,"column":0},"end":{"line":47,"column":2}}},"fnMap":{},"branchMap":{},"s":{"0":7,"1":7,"2":7,"3":7,"4":7},"f":{},"b":{},"_coverageSchema":"1a1c01bbd47fc00a2c39e90264f33305004495a9","hash":"c157169b7d492da42ec9c24f00d5e4fcfe0414ea"}
,"C:\\Users\\niraj\\Desktop\\ServiceHub\\src\\validations\\review.validation.js": {"path":"C:\\Users\\niraj\\Desktop\\ServiceHub\\src\\validations\\review.validation.js","statementMap":{"0":{"start":{"line":3,"column":31},"end":{"line":3,"column":59}},"1":{"start":{"line":4,"column":30},"end":{"line":4,"column":63}},"2":{"start":{"line":6,"column":31},"end":{"line":20,"column":1}},"3":{"start":{"line":22,"column":30},"end":{"line":28,"column":1}},"4":{"start":{"line":30,"column":22},"end":{"line":32,"column":1}},"5":{"start":{"line":34,"column":30},"end":{"line":42,"column":1}},"6":{"start":{"line":44,"column":0},"end":{"line":49,"column":2}}},"fnMap":{},"branchMap":{},"s":{"0":7,"1":7,"2":7,"3":7,"4":7,"5":7,"6":7},"f":{},"b":{},"_coverageSchema":"1a1c01bbd47fc00a2c39e90264f33305004495a9","hash":"1cafe33cc0050b60656b95bba35638cec8e77c99"}
,"C:\\Users\\niraj\\Desktop\\ServiceHub\\src\\validations\\user.validation.js": {"path":"C:\\Users\\niraj\\Desktop\\ServiceHub\\src\\validations\\user.validation.js","statementMap":{"0":{"start":{"line":3,"column":17},"end":{"line":3,"column":45}},"1":{"start":{"line":14,"column":32},"end":{"line":59,"column":1}},"2":{"start":{"line":61,"column":0},"end":{"line":61,"column":45}}},"fnMap":{},"branchMap":{},"s":{"0":7,"1":7,"2":7},"f":{},"b":{},"_coverageSchema":"1a1c01bbd47fc00a2c39e90264f33305004495a9","hash":"0f8773dd43619b02c40b9c484c2d0a80d557ff25"}
,"C:\\Users\\niraj\\Desktop\\ServiceHub\\src\\validations\\wallet.validation.js": {"path":"C:\\Users\\niraj\\Desktop\\ServiceHub\\src\\validations\\wallet.validation.js","statementMap":{"0":{"start":{"line":3,"column":18},"end":{"line":3,"column":46}},"1":{"start":{"line":9,"column":28},"end":{"line":18,"column":1}},"2":{"start":{"line":20,"column":0},"end":{"line":20,"column":41}}},"fnMap":{},"branchMap":{},"s":{"0":7,"1":7,"2":7},"f":{},"b":{},"_coverageSchema":"1a1c01bbd47fc00a2c39e90264f33305004495a9","hash":"0a89eb16616b1e52aa5c085718b2ab7fd0505517"}
}
