TN:
SF:src\app.js
FN:51,(anonymous_0)
FN:125,(anonymous_1)
FN:138,(anonymous_2)
FNF:3
FNH:1
FNDA:33,(anonymous_0)
FNDA:0,(anonymous_1)
FNDA:0,(anonymous_2)
DA:16,7
DA:18,7
DA:19,7
DA:20,7
DA:21,7
DA:22,7
DA:23,7
DA:25,7
DA:26,7
DA:27,7
DA:28,7
DA:29,7
DA:30,7
DA:31,7
DA:33,7
DA:42,7
DA:49,7
DA:53,33
DA:54,33
DA:59,0
DA:63,0
DA:65,0
DA:76,7
DA:77,7
DA:78,7
DA:85,7
DA:93,7
DA:98,7
DA:105,7
DA:112,7
DA:125,7
DA:126,0
DA:127,0
DA:133,7
DA:138,7
DA:139,0
DA:150,7
DA:155,7
DA:157,7
LF:39
LH:33
BRDA:53,0,0,33
BRDA:53,0,1,0
BRDA:59,1,0,0
BRDA:59,1,1,0
BRDA:60,2,0,0
BRDA:60,2,1,0
BRDA:60,2,2,0
BRF:7
BRH:1
end_of_record
TN:
SF:src\errors\auth.error.js
FN:10,(anonymous_0)
FN:19,(anonymous_1)
FN:28,(anonymous_2)
FN:38,(anonymous_3)
FNF:4
FNH:1
FNDA:0,(anonymous_0)
FNDA:0,(anonymous_1)
FNDA:0,(anonymous_2)
FNDA:1,(anonymous_3)
DA:3,7
DA:4,7
DA:11,0
DA:20,0
DA:29,0
DA:39,1
DA:43,7
LF:7
LH:4
BRDA:10,0,0,0
BRDA:19,1,0,0
BRDA:28,2,0,0
BRDA:38,3,0,0
BRF:4
BRH:0
end_of_record
TN:
SF:src\middleware\auth.middleware.js
FN:19,(anonymous_0)
FNF:1
FNH:1
FNDA:28,(anonymous_0)
DA:3,7
DA:4,7
DA:5,7
DA:6,7
DA:19,7
DA:21,28
DA:23,28
DA:24,0
DA:28,28
DA:29,28
DA:30,0
DA:34,28
DA:37,28
DA:46,28
DA:47,0
DA:50,28
DA:51,0
DA:54,28
DA:55,0
DA:59,28
DA:61,28
DA:64,7
LF:22
LH:17
BRDA:21,0,0,28
BRDA:21,0,1,0
BRDA:23,1,0,0
BRDA:23,1,1,28
BRDA:23,2,0,28
BRDA:23,2,1,28
BRDA:29,3,0,0
BRDA:29,3,1,28
BRDA:46,4,0,0
BRDA:46,4,1,28
BRDA:50,5,0,0
BRDA:50,5,1,28
BRDA:54,6,0,0
BRDA:54,6,1,28
BRF:14
BRH:8
end_of_record
TN:
SF:src\middleware\errorHandler.js
FN:29,(anonymous_0)
FN:59,(anonymous_1)
FN:63,(anonymous_2)
FN:110,(anonymous_3)
FNF:4
FNH:1
FNDA:0,(anonymous_0)
FNDA:0,(anonymous_1)
FNDA:7,(anonymous_2)
FNDA:0,(anonymous_3)
DA:3,7
DA:4,7
DA:5,7
DA:6,7
DA:7,7
DA:29,7
DA:31,0
DA:32,0
DA:33,0
DA:37,0
DA:38,0
DA:42,0
DA:43,0
DA:50,0
DA:51,0
DA:55,0
DA:59,7
DA:60,0
DA:63,7
DA:64,7
DA:67,7
DA:68,0
DA:69,7
DA:70,0
DA:74,7
DA:75,7
DA:78,7
DA:80,7
DA:83,0
DA:91,7
DA:97,7
DA:110,7
DA:111,0
DA:114,7
LF:34
LH:19
BRDA:31,0,0,0
BRDA:31,0,1,0
BRDA:32,1,0,0
BRDA:32,1,1,0
BRDA:37,2,0,0
BRDA:37,2,1,0
BRDA:42,3,0,0
BRDA:42,3,1,0
BRDA:50,4,0,0
BRDA:50,4,1,0
BRDA:67,5,0,0
BRDA:67,5,1,7
BRDA:67,6,0,7
BRDA:67,6,1,7
BRDA:69,7,0,0
BRDA:69,7,1,7
BRDA:69,8,0,7
BRDA:69,8,1,7
BRDA:74,9,0,7
BRDA:74,9,1,0
BRDA:78,10,0,7
BRDA:78,10,1,0
BRDA:91,11,0,7
BRDA:91,11,1,0
BRDA:93,12,0,0
BRDA:93,12,1,0
BRDA:100,13,0,7
BRDA:100,13,1,7
BRF:28
BRH:11
end_of_record
TN:
SF:src\middleware\rateLimiter.js
FN:24,(anonymous_0)
FN:27,(anonymous_1)
FN:42,(anonymous_2)
FNF:3
FNH:1
FNDA:33,(anonymous_0)
FNDA:0,(anonymous_1)
FNDA:0,(anonymous_2)
DA:3,7
DA:4,7
DA:5,7
DA:21,7
DA:24,33
DA:28,0
DA:37,7
DA:43,0
DA:52,7
LF:9
LH:7
BRF:0
BRH:0
end_of_record
TN:
SF:src\middleware\requestId.js
FN:25,(anonymous_0)
FNF:1
FNH:1
FNDA:33,(anonymous_0)
DA:3,7
DA:25,7
DA:27,33
DA:28,33
DA:33,33
DA:36,33
DA:38,33
DA:41,7
LF:8
LH:8
BRDA:28,0,0,0
BRDA:28,0,1,33
BRDA:28,1,0,33
BRDA:28,1,1,0
BRDA:28,1,2,0
BRF:5
BRH:2
end_of_record
TN:
SF:src\middleware\requestLogger.js
FN:25,(anonymous_0)
FN:36,(anonymous_1)
FNF:2
FNH:1
FNDA:33,(anonymous_0)
FNDA:0,(anonymous_1)
DA:3,7
DA:4,7
DA:23,7
DA:26,33
DA:27,33
DA:28,0
DA:30,33
DA:36,7
DA:37,0
DA:48,7
DA:53,7
LF:11
LH:9
BRDA:49,0,0,0
BRDA:49,0,1,7
BRF:2
BRH:1
end_of_record
TN:
SF:src\middleware\role.middleware.js
FN:29,(anonymous_0)
FN:42,(anonymous_1)
FN:55,(anonymous_2)
FN:64,(anonymous_3)
FNF:4
FNH:4
FNDA:224,(anonymous_0)
FNDA:20,(anonymous_1)
FNDA:20,(anonymous_2)
FNDA:27,(anonymous_3)
DA:3,7
DA:4,7
DA:29,7
DA:33,224
DA:34,224
DA:35,413
DA:36,0
DA:42,224
DA:46,20
DA:47,0
DA:55,20
DA:57,20
DA:60,0
DA:64,27
DA:66,20
DA:67,1
DA:73,19
DA:77,7
LF:18
LH:15
BRDA:35,0,0,0
BRDA:35,0,1,413
BRDA:46,1,0,0
BRDA:46,1,1,20
BRDA:57,2,0,0
BRDA:57,2,1,20
BRDA:66,3,0,1
BRDA:66,3,1,19
BRF:8
BRH:5
end_of_record
TN:
SF:src\middleware\validate.js
FN:26,(anonymous_0)
FN:30,(anonymous_1)
FNF:2
FNH:1
FNDA:32,(anonymous_0)
FNDA:0,(anonymous_1)
DA:3,7
DA:4,7
DA:26,7
DA:27,32
DA:29,32
DA:30,0
DA:34,0
DA:37,32
DA:40,7
LF:9
LH:7
BRDA:29,0,0,0
BRDA:29,0,1,32
BRF:2
BRH:1
end_of_record
TN:
SF:src\modules\admin\admin.controller.js
FN:7,(anonymous_0)
FN:13,(anonymous_1)
FNF:2
FNH:1
FNDA:1,(anonymous_0)
FNDA:0,(anonymous_1)
DA:3,7
DA:4,7
DA:5,7
DA:7,7
DA:8,1
DA:9,1
DA:10,1
DA:13,7
DA:14,0
DA:15,0
DA:18,7
LF:11
LH:9
BRF:0
BRH:0
end_of_record
TN:
SF:src\modules\admin\admin.routes.js
FNF:0
FNH:0
DA:3,7
DA:4,7
DA:6,7
DA:7,7
DA:8,7
DA:9,7
DA:10,7
DA:11,7
DA:14,7
DA:60,7
DA:108,7
DA:116,7
LF:12
LH:12
BRF:0
BRH:0
end_of_record
TN:
SF:src\modules\admin\admin.service.js
FN:7,(anonymous_0)
FN:11,(anonymous_1)
FN:23,(anonymous_2)
FN:41,(anonymous_3)
FNF:4
FNH:3
FNDA:1,(anonymous_0)
FNDA:1,(anonymous_1)
FNDA:1,(anonymous_2)
FNDA:0,(anonymous_3)
DA:3,7
DA:4,7
DA:5,7
DA:7,7
DA:8,1
DA:9,1
DA:11,1
DA:12,1
DA:18,1
DA:19,1
DA:23,1
DA:24,1
DA:25,1
DA:30,0
DA:31,0
DA:37,1
DA:41,7
DA:42,0
DA:43,0
DA:44,0
DA:46,0
DA:56,7
LF:22
LH:16
BRDA:9,0,0,0
BRDA:9,0,1,1
BRDA:18,1,0,1
BRDA:18,1,1,0
BRDA:23,2,0,1
BRDA:23,2,1,1
BRDA:24,3,0,1
BRDA:24,3,1,0
BRDA:30,4,0,0
BRDA:30,4,1,0
BRDA:43,5,0,0
BRDA:43,5,1,0
BRDA:44,6,0,0
BRDA:44,6,1,0
BRF:14
BRH:5
end_of_record
TN:
SF:src\modules\auth\auth.controller.js
FN:12,(anonymous_0)
FN:40,(anonymous_1)
FN:58,(anonymous_2)
FNF:3
FNH:2
FNDA:4,(anonymous_0)
FNDA:1,(anonymous_1)
FNDA:0,(anonymous_2)
DA:3,7
DA:4,7
DA:5,7
DA:12,7
DA:13,4
DA:17,4
DA:26,3
DA:40,7
DA:41,1
DA:44,1
DA:46,1
DA:55,7
DA:62,0
DA:64,0
LF:14
LH:12
BRF:0
BRH:0
end_of_record
TN:
SF:src\modules\auth\auth.routes.js
FNF:0
FNH:0
DA:3,7
DA:4,7
DA:6,7
DA:7,7
DA:8,7
DA:9,7
DA:10,7
DA:58,7
DA:93,7
DA:112,7
DA:114,7
LF:11
LH:11
BRF:0
BRH:0
end_of_record
TN:
SF:src\modules\auth\auth.service.js
FN:22,(anonymous_0)
FN:50,(anonymous_1)
FN:130,(anonymous_2)
FN:197,(anonymous_3)
FNF:4
FNH:3
FNDA:28,(anonymous_0)
FNDA:27,(anonymous_1)
FNDA:1,(anonymous_2)
FNDA:0,(anonymous_3)
DA:3,7
DA:4,7
DA:5,7
DA:6,7
DA:7,7
DA:22,7
DA:24,28
DA:25,0
DA:29,28
DA:30,28
DA:31,1
DA:35,27
DA:36,27
DA:37,0
DA:41,27
DA:42,27
DA:43,0
DA:47,27
DA:50,27
DA:52,27
DA:63,27
DA:71,27
DA:80,27
DA:88,27
DA:100,27
DA:101,9
DA:110,27
DA:113,27
DA:130,7
DA:133,1
DA:144,1
DA:145,1
DA:148,1
DA:150,1
DA:151,0
DA:155,1
DA:156,0
DA:158,1
DA:159,0
DA:164,1
DA:167,1
DA:173,1
DA:176,1
DA:197,7
DA:200,0
DA:256,0
DA:257,0
DA:261,0
DA:262,0
DA:265,0
DA:301,7
LF:51
LH:39
BRDA:24,0,0,0
BRDA:24,0,1,28
BRDA:30,1,0,1
BRDA:30,1,1,27
BRDA:36,2,0,0
BRDA:36,2,1,27
BRDA:42,3,0,0
BRDA:42,3,1,27
BRDA:100,4,0,9
BRDA:100,4,1,18
BRDA:145,5,0,1
BRDA:145,5,1,0
BRDA:150,6,0,0
BRDA:150,6,1,1
BRDA:150,7,0,1
BRDA:150,7,1,1
BRDA:155,8,0,0
BRDA:155,8,1,1
BRDA:158,9,0,0
BRDA:158,9,1,1
BRDA:164,10,0,1
BRDA:164,10,1,0
BRDA:256,11,0,0
BRDA:256,11,1,0
BRDA:261,12,0,0
BRDA:261,12,1,0
BRDA:273,13,0,0
BRDA:273,13,1,0
BRDA:277,14,0,0
BRDA:277,14,1,0
BRDA:278,15,0,0
BRDA:278,15,1,0
BRDA:281,16,0,0
BRDA:281,16,1,0
BRDA:283,17,0,0
BRDA:283,17,1,0
BRDA:285,18,0,0
BRDA:285,18,1,0
BRDA:286,19,0,0
BRDA:286,19,1,0
BRF:40
BRH:14
end_of_record
TN:
SF:src\modules\bookings\booking.controller.js
FN:7,(anonymous_0)
FN:12,(anonymous_1)
FN:13,(anonymous_2)
FN:20,(anonymous_3)
FN:21,(anonymous_4)
FN:26,(anonymous_5)
FN:27,(anonymous_6)
FNF:7
FNH:3
FNDA:8,(anonymous_0)
FNDA:0,(anonymous_1)
FNDA:0,(anonymous_2)
FNDA:0,(anonymous_3)
FNDA:0,(anonymous_4)
FNDA:7,(anonymous_5)
FNDA:7,(anonymous_6)
DA:3,7
DA:4,7
DA:5,7
DA:7,7
DA:8,8
DA:9,6
DA:12,7
DA:13,0
DA:14,0
DA:15,0
DA:16,0
DA:17,0
DA:20,7
DA:21,0
DA:22,0
DA:23,0
DA:26,7
DA:27,7
DA:28,7
DA:29,6
DA:32,7
LF:21
LH:13
BRF:0
BRH:0
end_of_record
TN:
SF:src\modules\bookings\booking.routes.js
FNF:0
FNH:0
DA:3,7
DA:4,7
DA:6,7
DA:7,7
DA:8,7
DA:9,7
DA:10,7
DA:11,7
DA:12,7
DA:58,7
DA:92,7
DA:128,7
DA:179,7
DA:189,7
LF:14
LH:14
BRF:0
BRH:0
end_of_record
TN:
SF:src\modules\bookings\booking.service.js
FN:19,(anonymous_0)
FN:64,(anonymous_1)
FN:94,(anonymous_2)
FN:148,(anonymous_3)
FN:192,(anonymous_4)
FN:218,(anonymous_5)
FN:245,(anonymous_6)
FNF:7
FNH:6
FNDA:0,(anonymous_0)
FNDA:7,(anonymous_1)
FNDA:8,(anonymous_2)
FNDA:7,(anonymous_3)
FNDA:7,(anonymous_4)
FNDA:1,(anonymous_5)
FNDA:6,(anonymous_6)
DA:3,7
DA:4,7
DA:5,7
DA:6,7
DA:7,7
DA:8,7
DA:12,7
DA:19,7
DA:20,0
DA:22,0
DA:23,0
DA:26,0
DA:28,0
DA:29,0
DA:32,0
DA:33,0
DA:34,0
DA:35,0
DA:39,0
DA:40,0
DA:44,0
DA:45,0
DA:48,0
DA:50,0
DA:61,0
DA:64,7
DA:65,7
DA:70,7
DA:71,0
DA:74,7
DA:76,7
DA:77,7
DA:78,0
DA:80,7
DA:81,7
DA:82,7
DA:83,7
DA:87,7
DA:88,0
DA:91,7
DA:94,7
DA:95,8
DA:97,8
DA:98,8
DA:99,8
DA:100,0
DA:103,8
DA:108,8
DA:109,8
DA:110,0
DA:113,8
DA:114,8
DA:116,8
DA:117,4
DA:118,4
DA:120,4
DA:121,4
DA:122,1
DA:126,3
DA:127,0
DA:130,3
DA:131,0
DA:132,3
DA:133,3
DA:134,3
DA:135,3
DA:136,3
DA:138,3
DA:141,3
DA:142,0
DA:146,7
DA:148,7
DA:149,7
DA:165,7
DA:166,3
DA:172,3
DA:173,1
DA:176,2
DA:185,6
DA:192,7
DA:193,7
DA:194,7
DA:196,7
DA:197,7
DA:198,7
DA:200,7
DA:202,7
DA:203,7
DA:204,7
DA:216,7
DA:217,7
DA:218,7
DA:219,1
DA:222,7
DA:223,0
DA:224,0
DA:226,0
DA:228,7
DA:229,7
DA:230,7
DA:231,7
DA:232,6
DA:233,6
DA:237,6
DA:238,6
DA:239,0
DA:241,6
DA:242,2
DA:245,6
DA:246,6
DA:252,6
DA:261,6
DA:265,7
LF:113
LH:84
BRDA:19,0,0,0
BRDA:22,1,0,0
BRDA:22,1,1,0
BRDA:28,2,0,0
BRDA:28,2,1,0
BRDA:32,3,0,0
BRDA:32,3,1,0
BRDA:34,4,0,0
BRDA:34,4,1,0
BRDA:39,5,0,0
BRDA:39,5,1,0
BRDA:39,6,0,0
BRDA:39,6,1,0
BRDA:44,7,0,0
BRDA:44,7,1,0
BRDA:70,8,0,0
BRDA:70,8,1,7
BRDA:74,9,0,0
BRDA:74,9,1,7
BRDA:77,10,0,0
BRDA:77,10,1,7
BRDA:77,11,0,7
BRDA:77,11,1,0
BRDA:80,12,0,7
BRDA:80,12,1,0
BRDA:80,13,0,7
BRDA:80,13,1,7
BRDA:82,14,0,7
BRDA:82,14,1,0
BRDA:82,15,0,7
BRDA:82,15,1,7
BRDA:87,16,0,0
BRDA:87,16,1,7
BRDA:98,17,0,0
BRDA:98,17,1,8
BRDA:99,18,0,0
BRDA:99,18,1,8
BRDA:108,19,0,0
BRDA:108,19,1,8
BRDA:109,20,0,0
BRDA:109,20,1,8
BRDA:109,21,0,8
BRDA:109,21,1,8
BRDA:113,22,0,8
BRDA:113,22,1,0
BRDA:116,23,0,4
BRDA:116,23,1,4
BRDA:118,24,0,0
BRDA:118,24,1,4
BRDA:121,25,0,1
BRDA:121,25,1,3
BRDA:121,26,0,4
BRDA:121,26,1,4
BRDA:121,26,2,4
BRDA:126,27,0,0
BRDA:126,27,1,3
BRDA:126,28,0,3
BRDA:126,28,1,3
BRDA:130,29,0,0
BRDA:130,29,1,3
BRDA:132,30,0,3
BRDA:132,30,1,0
BRDA:135,31,0,3
BRDA:135,31,1,0
BRDA:135,32,0,3
BRDA:135,32,1,3
BRDA:141,33,0,0
BRDA:141,33,1,3
BRDA:158,34,0,7
BRDA:158,34,1,4
BRDA:165,35,0,3
BRDA:165,35,1,4
BRDA:172,36,0,1
BRDA:172,36,1,2
BRDA:172,37,0,3
BRDA:172,37,1,3
BRDA:200,38,0,0
BRDA:200,38,1,7
BRDA:200,39,0,7
BRDA:200,39,1,0
BRDA:202,40,0,7
BRDA:202,40,1,0
BRDA:202,41,0,7
BRDA:202,41,1,7
BRDA:204,42,0,7
BRDA:204,42,1,0
BRDA:204,43,0,7
BRDA:204,43,1,7
BRDA:216,44,0,7
BRDA:216,44,1,0
BRDA:219,45,0,0
BRDA:219,45,1,1
BRDA:222,46,0,0
BRDA:222,46,1,7
BRDA:223,47,0,0
BRDA:223,47,1,0
BRDA:224,48,0,0
BRDA:224,48,1,0
BRDA:224,49,0,0
BRDA:224,49,1,0
BRDA:228,50,0,7
BRDA:228,50,1,0
BRDA:229,51,0,0
BRDA:229,51,1,7
BRDA:229,52,0,7
BRDA:229,52,1,2
BRDA:230,53,0,0
BRDA:230,53,1,7
BRDA:230,54,0,7
BRDA:230,54,1,2
BRDA:231,55,0,1
BRDA:231,55,1,6
BRDA:231,56,0,7
BRDA:231,56,1,3
BRDA:232,57,0,0
BRDA:232,57,1,6
BRDA:232,58,0,6
BRDA:232,58,1,0
BRDA:233,59,0,0
BRDA:233,59,1,6
BRDA:233,60,0,6
BRDA:233,60,1,0
BRDA:233,60,2,0
BRDA:238,61,0,0
BRDA:238,61,1,6
BRDA:238,62,0,6
BRDA:238,62,1,0
BRDA:241,63,0,2
BRDA:241,63,1,4
BRDA:257,64,0,6
BRDA:257,64,1,6
BRF:131
BRH:75
end_of_record
TN:
SF:src\modules\catalog\catalog.controller.js
FN:7,(anonymous_0)
FN:12,(anonymous_1)
FN:18,(anonymous_2)
FNF:3
FNH:0
FNDA:0,(anonymous_0)
FNDA:0,(anonymous_1)
FNDA:0,(anonymous_2)
DA:3,7
DA:4,7
DA:5,7
DA:7,7
DA:8,0
DA:9,0
DA:12,7
DA:13,0
DA:14,0
DA:15,0
DA:18,7
DA:19,0
DA:20,0
DA:23,7
LF:14
LH:7
BRF:0
BRH:0
end_of_record
TN:
SF:src\modules\catalog\catalog.routes.js
FNF:0
FNH:0
DA:3,7
DA:4,7
DA:6,7
DA:7,7
DA:8,7
DA:28,7
DA:48,7
DA:68,7
DA:70,7
LF:9
LH:9
BRF:0
BRH:0
end_of_record
TN:
SF:src\modules\catalog\catalog.service.js
FN:8,(anonymous_0)
FN:15,(anonymous_1)
FN:39,(anonymous_2)
FNF:3
FNH:0
FNDA:0,(anonymous_0)
FNDA:0,(anonymous_1)
FNDA:0,(anonymous_2)
DA:3,7
DA:4,7
DA:5,7
DA:6,7
DA:8,7
DA:9,0
DA:15,7
DA:16,0
DA:17,0
DA:18,0
DA:21,0
DA:23,0
DA:36,0
DA:39,7
DA:40,0
DA:70,0
DA:71,0
DA:74,0
DA:77,7
LF:19
LH:8
BRDA:15,0,0,0
BRDA:17,1,0,0
BRDA:17,1,1,0
BRDA:70,2,0,0
BRDA:70,2,1,0
BRDA:70,3,0,0
BRDA:70,3,1,0
BRF:7
BRH:0
end_of_record
TN:
SF:src\modules\disputes\dispute.controller.js
FN:7,(anonymous_0)
FN:8,(anonymous_1)
FN:15,(anonymous_2)
FN:16,(anonymous_3)
FN:21,(anonymous_4)
FN:22,(anonymous_5)
FN:27,(anonymous_6)
FN:28,(anonymous_7)
FNF:8
FNH:0
FNDA:0,(anonymous_0)
FNDA:0,(anonymous_1)
FNDA:0,(anonymous_2)
FNDA:0,(anonymous_3)
FNDA:0,(anonymous_4)
FNDA:0,(anonymous_5)
FNDA:0,(anonymous_6)
FNDA:0,(anonymous_7)
DA:3,7
DA:4,7
DA:5,7
DA:7,7
DA:8,0
DA:9,0
DA:10,0
DA:11,0
DA:12,0
DA:15,7
DA:16,0
DA:17,0
DA:18,0
DA:21,7
DA:22,0
DA:23,0
DA:24,0
DA:27,7
DA:28,0
DA:29,0
DA:30,0
DA:33,7
LF:22
LH:8
BRF:0
BRH:0
end_of_record
TN:
SF:src\modules\disputes\dispute.routes.js
FNF:0
FNH:0
DA:3,7
DA:4,7
DA:6,7
DA:7,7
DA:8,7
DA:9,7
DA:10,7
DA:11,7
DA:30,7
DA:63,7
DA:108,7
DA:154,7
DA:164,7
LF:13
LH:13
BRF:0
BRH:0
end_of_record
TN:
SF:src\modules\disputes\dispute.service.js
FN:22,(anonymous_0)
FN:48,(anonymous_1)
FN:57,(anonymous_2)
FN:94,(anonymous_3)
FN:121,(anonymous_4)
FNF:5
FNH:0
FNDA:0,(anonymous_0)
FNDA:0,(anonymous_1)
FNDA:0,(anonymous_2)
FNDA:0,(anonymous_3)
FNDA:0,(anonymous_4)
DA:3,7
DA:4,7
DA:5,7
DA:6,7
DA:7,7
DA:11,7
DA:22,7
DA:23,0
DA:28,0
DA:30,0
DA:32,0
DA:33,0
DA:34,0
DA:36,0
DA:37,0
DA:38,0
DA:39,0
DA:43,0
DA:45,0
DA:48,7
DA:49,0
DA:51,0
DA:57,7
DA:58,0
DA:59,0
DA:61,0
DA:62,0
DA:65,0
DA:66,0
DA:67,0
DA:68,0
DA:72,0
DA:73,0
DA:75,0
DA:77,0
DA:91,0
DA:94,7
DA:95,0
DA:98,0
DA:99,0
DA:101,0
DA:102,0
DA:103,0
DA:104,0
DA:105,0
DA:108,0
DA:110,0
DA:121,7
DA:122,0
DA:124,0
DA:125,0
DA:128,0
DA:140,7
LF:53
LH:12
BRDA:28,0,0,0
BRDA:28,0,1,0
BRDA:30,1,0,0
BRDA:30,1,1,0
BRDA:33,2,0,0
BRDA:33,2,1,0
BRDA:33,3,0,0
BRDA:33,3,1,0
BRDA:36,4,0,0
BRDA:36,4,1,0
BRDA:36,5,0,0
BRDA:36,5,1,0
BRDA:38,6,0,0
BRDA:38,6,1,0
BRDA:38,7,0,0
BRDA:38,7,1,0
BRDA:43,8,0,0
BRDA:43,8,1,0
BRDA:57,9,0,0
BRDA:61,10,0,0
BRDA:61,10,1,0
BRDA:65,11,0,0
BRDA:65,11,1,0
BRDA:67,12,0,0
BRDA:67,12,1,0
BRDA:72,13,0,0
BRDA:72,13,1,0
BRDA:72,14,0,0
BRDA:72,14,1,0
BRDA:73,15,0,0
BRDA:73,15,1,0
BRDA:99,16,0,0
BRDA:99,16,1,0
BRDA:102,17,0,0
BRDA:102,17,1,0
BRDA:102,18,0,0
BRDA:102,18,1,0
BRDA:103,19,0,0
BRDA:103,19,1,0
BRDA:103,20,0,0
BRDA:103,20,1,0
BRDA:105,21,0,0
BRDA:105,21,1,0
BRDA:105,22,0,0
BRDA:105,22,1,0
BRDA:108,23,0,0
BRDA:108,23,1,0
BRDA:124,24,0,0
BRDA:124,24,1,0
BRF:49
BRH:0
end_of_record
TN:
SF:src\modules\health\health.routes.js
FN:55,(anonymous_0)
FNF:1
FNH:0
FNDA:0,(anonymous_0)
DA:3,7
DA:4,7
DA:5,7
DA:6,7
DA:7,7
DA:55,7
DA:56,0
DA:58,0
DA:60,0
DA:71,0
DA:72,0
DA:79,7
LF:12
LH:7
BRF:0
BRH:0
end_of_record
TN:
SF:src\modules\notifications\notification.controller.js
FN:7,(anonymous_0)
FN:12,(anonymous_1)
FN:17,(anonymous_2)
FNF:3
FNH:2
FNDA:2,(anonymous_0)
FNDA:1,(anonymous_1)
FNDA:0,(anonymous_2)
DA:3,7
DA:4,7
DA:5,7
DA:7,7
DA:8,2
DA:9,2
DA:12,7
DA:13,1
DA:14,1
DA:17,7
DA:18,0
DA:19,0
DA:22,7
LF:13
LH:11
BRF:0
BRH:0
end_of_record
TN:
SF:src\modules\notifications\notification.routes.js
FNF:0
FNH:0
DA:3,7
DA:4,7
DA:6,7
DA:7,7
DA:8,7
DA:9,7
DA:30,7
DA:57,7
DA:82,7
DA:90,7
LF:10
LH:10
BRF:0
BRH:0
end_of_record
TN:
SF:src\modules\notifications\notification.service.js
FN:8,(anonymous_0)
FN:29,(anonymous_1)
FN:48,(anonymous_2)
FN:59,(anonymous_3)
FNF:4
FNH:2
FNDA:2,(anonymous_0)
FNDA:1,(anonymous_1)
FNDA:0,(anonymous_2)
FNDA:0,(anonymous_3)
DA:3,7
DA:4,7
DA:5,7
DA:6,7
DA:8,7
DA:9,2
DA:10,2
DA:11,0
DA:14,2
DA:16,2
DA:26,2
DA:29,7
DA:30,1
DA:35,1
DA:36,0
DA:38,1
DA:39,0
DA:42,1
DA:48,7
DA:49,0
DA:53,0
DA:59,7
DA:60,0
DA:71,7
LF:24
LH:18
BRDA:8,0,0,0
BRDA:10,1,0,0
BRDA:10,1,1,2
BRDA:35,2,0,0
BRDA:35,2,1,1
BRDA:38,3,0,0
BRDA:38,3,1,1
BRDA:59,4,0,0
BRF:8
BRH:3
end_of_record
TN:
SF:src\modules\providers\availability.controller.js
FN:11,(anonymous_0)
FN:16,(anonymous_1)
FN:25,(anonymous_2)
FN:30,(anonymous_3)
FN:35,(anonymous_4)
FNF:5
FNH:0
FNDA:0,(anonymous_0)
FNDA:0,(anonymous_1)
FNDA:0,(anonymous_2)
FNDA:0,(anonymous_3)
FNDA:0,(anonymous_4)
DA:3,7
DA:4,7
DA:5,7
DA:11,7
DA:12,0
DA:13,0
DA:16,7
DA:17,0
DA:18,0
DA:25,7
DA:26,0
DA:27,0
DA:30,7
DA:31,0
DA:32,0
DA:35,7
DA:36,0
DA:37,0
DA:40,7
LF:19
LH:9
BRF:0
BRH:0
end_of_record
TN:
SF:src\modules\providers\availability.service.js
FN:13,(anonymous_0)
FN:22,(anonymous_1)
FN:25,(anonymous_2)
FN:30,(anonymous_3)
FN:51,(anonymous_4)
FN:60,(anonymous_5)
FN:91,(anonymous_6)
FNF:7
FNH:0
FNDA:0,(anonymous_0)
FNDA:0,(anonymous_1)
FNDA:0,(anonymous_2)
FNDA:0,(anonymous_3)
FNDA:0,(anonymous_4)
FNDA:0,(anonymous_5)
FNDA:0,(anonymous_6)
DA:3,7
DA:4,7
DA:5,7
DA:6,7
DA:13,7
DA:14,0
DA:15,0
DA:22,7
DA:23,0
DA:25,0
DA:27,0
DA:29,0
DA:30,0
DA:37,0
DA:40,0
DA:51,7
DA:52,0
DA:53,0
DA:60,7
DA:61,0
DA:64,0
DA:66,0
DA:76,0
DA:77,0
DA:80,0
DA:91,7
DA:92,0
DA:93,0
DA:98,0
DA:99,0
DA:101,0
DA:102,0
DA:105,0
DA:108,7
LF:34
LH:10
BRDA:29,0,0,0
BRDA:29,0,1,0
BRDA:35,1,0,0
BRDA:35,1,1,0
BRDA:76,2,0,0
BRDA:76,2,1,0
BRDA:85,3,0,0
BRDA:85,3,1,0
BRDA:98,4,0,0
BRDA:98,4,1,0
BRDA:101,5,0,0
BRDA:101,5,1,0
BRF:12
BRH:0
end_of_record
TN:
SF:src\modules\providers\document.service.js
FN:15,(anonymous_0)
FN:22,(anonymous_1)
FN:31,(anonymous_2)
FN:40,(anonymous_3)
FNF:4
FNH:0
FNDA:0,(anonymous_0)
FNDA:0,(anonymous_1)
FNDA:0,(anonymous_2)
FNDA:0,(anonymous_3)
DA:3,7
DA:4,7
DA:5,7
DA:6,7
DA:8,7
DA:15,7
DA:16,0
DA:17,0
DA:18,0
DA:19,0
DA:22,7
DA:23,0
DA:24,0
DA:31,7
DA:32,0
DA:33,0
DA:34,0
DA:40,7
DA:41,0
DA:42,0
DA:43,0
DA:44,0
DA:46,0
DA:49,7
LF:24
LH:10
BRDA:17,0,0,0
BRDA:17,0,1,0
BRDA:18,1,0,0
BRDA:18,1,1,0
BRDA:43,2,0,0
BRDA:43,2,1,0
BRF:6
BRH:0
end_of_record
TN:
SF:src\modules\providers\provider.controller.js
FN:12,(anonymous_0)
FN:24,(anonymous_1)
FNF:2
FNH:0
FNDA:0,(anonymous_0)
FNDA:0,(anonymous_1)
DA:3,7
DA:4,7
DA:5,7
DA:12,7
DA:13,0
DA:14,0
DA:24,7
DA:28,0
DA:30,0
DA:35,0
DA:40,7
LF:11
LH:6
BRF:0
BRH:0
end_of_record
TN:
SF:src\modules\providers\provider.routes.js
FN:113,(anonymous_0)
FN:150,(anonymous_1)
FN:179,(anonymous_2)
FNF:3
FNH:0
FNDA:0,(anonymous_0)
FNDA:0,(anonymous_1)
FNDA:0,(anonymous_2)
DA:3,7
DA:4,7
DA:6,7
DA:7,7
DA:8,7
DA:9,7
DA:10,7
DA:11,7
DA:12,7
DA:13,7
DA:14,7
DA:15,7
DA:16,7
DA:17,7
DA:18,7
DA:19,7
DA:41,7
DA:93,7
DA:113,7
DA:114,0
DA:115,0
DA:150,7
DA:151,0
DA:152,0
DA:179,7
DA:180,0
DA:181,0
DA:202,7
DA:253,7
DA:273,7
DA:311,7
DA:337,7
DA:357,7
DA:396,7
DA:438,7
DA:464,7
DA:466,7
LF:37
LH:31
BRF:0
BRH:0
end_of_record
TN:
SF:src\modules\providers\provider.service.js
FN:48,(anonymous_0)
FN:85,(anonymous_1)
FN:112,(anonymous_2)
FN:126,(anonymous_3)
FN:151,(anonymous_4)
FNF:5
FNH:0
FNDA:0,(anonymous_0)
FNDA:0,(anonymous_1)
FNDA:0,(anonymous_2)
FNDA:0,(anonymous_3)
FNDA:0,(anonymous_4)
DA:3,7
DA:4,7
DA:5,7
DA:12,7
DA:48,7
DA:85,7
DA:86,0
DA:91,0
DA:92,0
DA:95,0
DA:99,0
DA:105,0
DA:112,7
DA:113,0
DA:114,0
DA:126,7
DA:127,0
DA:137,0
DA:140,0
DA:141,0
DA:142,0
DA:143,0
DA:145,0
DA:146,0
DA:147,0
DA:148,0
DA:151,0
DA:152,0
DA:153,0
DA:159,0
DA:160,0
DA:168,0
DA:173,0
DA:176,7
LF:34
LH:9
BRDA:54,0,0,0
BRDA:54,0,1,0
BRDA:58,1,0,0
BRDA:58,1,1,0
BRDA:59,2,0,0
BRDA:59,2,1,0
BRDA:63,3,0,0
BRDA:63,3,1,0
BRDA:76,4,0,0
BRDA:76,4,1,0
BRDA:91,5,0,0
BRDA:91,5,1,0
BRDA:95,6,0,0
BRDA:95,6,1,0
BRDA:141,7,0,0
BRDA:141,7,1,0
BRDA:142,8,0,0
BRDA:142,8,1,0
BRDA:143,9,0,0
BRDA:143,9,1,0
BRDA:146,10,0,0
BRDA:146,10,1,0
BRDA:147,11,0,0
BRDA:147,11,1,0
BRDA:148,12,0,0
BRDA:148,12,1,0
BRDA:152,13,0,0
BRDA:152,13,1,0
BRDA:159,14,0,0
BRDA:159,14,1,0
BRF:30
BRH:0
end_of_record
TN:
SF:src\modules\providers\providerService.controller.js
FN:7,(anonymous_0)
FN:12,(anonymous_1)
FN:17,(anonymous_2)
FN:22,(anonymous_3)
FNF:4
FNH:0
FNDA:0,(anonymous_0)
FNDA:0,(anonymous_1)
FNDA:0,(anonymous_2)
FNDA:0,(anonymous_3)
DA:3,7
DA:4,7
DA:5,7
DA:7,7
DA:8,0
DA:9,0
DA:12,7
DA:13,0
DA:14,0
DA:17,7
DA:18,0
DA:19,0
DA:22,7
DA:23,0
DA:24,0
DA:27,7
LF:16
LH:8
BRF:0
BRH:0
end_of_record
TN:
SF:src\modules\providers\providerService.service.js
FN:9,(anonymous_0)
FN:16,(anonymous_1)
FN:29,(anonymous_2)
FN:57,(anonymous_3)
FN:75,(anonymous_4)
FNF:5
FNH:0
FNDA:0,(anonymous_0)
FNDA:0,(anonymous_1)
FNDA:0,(anonymous_2)
FNDA:0,(anonymous_3)
FNDA:0,(anonymous_4)
DA:3,7
DA:4,7
DA:5,7
DA:6,7
DA:9,7
DA:10,0
DA:11,0
DA:12,0
DA:13,0
DA:16,7
DA:17,0
DA:18,0
DA:29,7
DA:30,0
DA:31,0
DA:34,0
DA:35,0
DA:38,0
DA:41,0
DA:42,0
DA:45,0
DA:57,7
DA:58,0
DA:59,0
DA:61,0
DA:63,0
DA:64,0
DA:65,0
DA:66,0
DA:68,0
DA:75,7
DA:76,0
DA:77,0
DA:80,0
DA:81,0
DA:82,0
DA:85,0
DA:88,7
LF:38
LH:10
BRDA:11,0,0,0
BRDA:11,0,1,0
BRDA:12,1,0,0
BRDA:12,1,1,0
BRDA:35,2,0,0
BRDA:35,2,1,0
BRDA:41,3,0,0
BRDA:41,3,1,0
BRDA:49,4,0,0
BRDA:49,4,1,0
BRDA:50,5,0,0
BRDA:50,5,1,0
BRDA:51,6,0,0
BRDA:51,6,1,0
BRDA:64,7,0,0
BRDA:64,7,1,0
BRDA:65,8,0,0
BRDA:65,8,1,0
BRDA:66,9,0,0
BRDA:66,9,1,0
BRDA:81,10,0,0
BRDA:81,10,1,0
BRF:22
BRH:0
end_of_record
TN:
SF:src\modules\reviews\review.controller.js
FN:7,(anonymous_0)
FN:14,(anonymous_1)
FN:19,(anonymous_2)
FNF:3
FNH:1
FNDA:0,(anonymous_0)
FNDA:3,(anonymous_1)
FNDA:0,(anonymous_2)
DA:3,7
DA:4,7
DA:5,7
DA:7,7
DA:8,0
DA:9,0
DA:10,0
DA:11,0
DA:14,7
DA:15,3
DA:16,1
DA:19,7
DA:20,0
DA:21,0
DA:24,7
LF:15
LH:9
BRF:0
BRH:0
end_of_record
TN:
SF:src\modules\reviews\review.routes.js
FNF:0
FNH:0
DA:3,7
DA:4,7
DA:6,7
DA:7,7
DA:8,7
DA:9,7
DA:10,7
DA:11,7
DA:38,7
DA:83,7
DA:129,7
DA:139,7
LF:12
LH:12
BRF:0
BRH:0
end_of_record
TN:
SF:src\modules\reviews\review.service.js
FN:18,(anonymous_0)
FN:39,(anonymous_1)
FN:53,(anonymous_2)
FN:84,(anonymous_3)
FNF:4
FNH:2
FNDA:0,(anonymous_0)
FNDA:3,(anonymous_1)
FNDA:1,(anonymous_2)
FNDA:0,(anonymous_3)
DA:3,7
DA:4,7
DA:5,7
DA:6,7
DA:7,7
DA:8,7
DA:12,7
DA:18,7
DA:19,0
DA:20,0
DA:21,0
DA:23,0
DA:25,0
DA:36,0
DA:39,7
DA:40,3
DA:43,3
DA:44,3
DA:45,3
DA:46,3
DA:49,2
DA:50,2
DA:53,1
DA:54,1
DA:66,1
DA:72,1
DA:73,1
DA:75,1
DA:80,1
DA:84,7
DA:85,0
DA:86,0
DA:88,0
DA:89,0
DA:90,0
DA:91,0
DA:93,0
DA:102,7
LF:38
LH:25
BRDA:18,0,0,0
BRDA:20,1,0,0
BRDA:20,1,1,0
BRDA:21,2,0,0
BRDA:21,2,1,0
BRDA:44,3,0,0
BRDA:44,3,1,3
BRDA:45,4,0,0
BRDA:45,4,1,3
BRDA:46,5,0,1
BRDA:46,5,1,2
BRDA:50,6,0,1
BRDA:50,6,1,1
BRDA:60,7,0,1
BRDA:60,7,1,0
BRDA:72,8,0,1
BRDA:72,8,1,0
BRDA:86,9,0,0
BRDA:86,9,1,0
BRDA:89,10,0,0
BRDA:89,10,1,0
BRDA:90,11,0,0
BRDA:90,11,1,0
BRDA:91,12,0,0
BRDA:91,12,1,0
BRF:25
BRH:8
end_of_record
TN:
SF:src\modules\users\address.controller.js
FN:11,(anonymous_0)
FN:22,(anonymous_1)
FN:36,(anonymous_2)
FN:52,(anonymous_3)
FN:63,(anonymous_4)
FNF:5
FNH:0
FNDA:0,(anonymous_0)
FNDA:0,(anonymous_1)
FNDA:0,(anonymous_2)
FNDA:0,(anonymous_3)
FNDA:0,(anonymous_4)
DA:3,7
DA:4,7
DA:5,7
DA:11,7
DA:12,0
DA:13,0
DA:22,7
DA:23,0
DA:24,0
DA:27,0
DA:36,7
DA:37,0
DA:38,0
DA:43,0
DA:52,7
DA:53,0
DA:54,0
DA:63,7
DA:64,0
DA:65,0
DA:70,7
LF:21
LH:9
BRF:0
BRH:0
end_of_record
TN:
SF:src\modules\users\address.service.js
FN:31,(anonymous_0)
FN:56,(anonymous_1)
FN:72,(anonymous_2)
FN:75,(anonymous_3)
FN:104,(anonymous_4)
FN:133,(anonymous_5)
FN:146,(anonymous_6)
FN:172,(anonymous_7)
FN:175,(anonymous_8)
FNF:9
FNH:0
FNDA:0,(anonymous_0)
FNDA:0,(anonymous_1)
FNDA:0,(anonymous_2)
FNDA:0,(anonymous_3)
FNDA:0,(anonymous_4)
FNDA:0,(anonymous_5)
FNDA:0,(anonymous_6)
FNDA:0,(anonymous_7)
FNDA:0,(anonymous_8)
DA:3,7
DA:4,7
DA:5,7
DA:11,7
DA:31,7
DA:32,0
DA:37,0
DA:38,0
DA:41,0
DA:42,0
DA:48,0
DA:56,7
DA:57,0
DA:72,7
DA:73,0
DA:75,0
DA:77,0
DA:78,0
DA:80,0
DA:96,0
DA:104,7
DA:105,0
DA:107,0
DA:109,0
DA:110,0
DA:111,0
DA:112,0
DA:113,0
DA:114,0
DA:115,0
DA:116,0
DA:117,0
DA:119,0
DA:133,7
DA:134,0
DA:137,0
DA:139,0
DA:140,0
DA:146,0
DA:148,0
DA:149,0
DA:155,0
DA:156,0
DA:163,0
DA:172,7
DA:173,0
DA:175,0
DA:177,0
DA:183,0
DA:191,7
LF:50
LH:11
BRDA:37,0,0,0
BRDA:37,0,1,0
BRDA:41,1,0,0
BRDA:41,1,1,0
BRDA:83,2,0,0
BRDA:83,2,1,0
BRDA:85,3,0,0
BRDA:85,3,1,0
BRDA:89,4,0,0
BRDA:89,4,1,0
BRDA:90,5,0,0
BRDA:90,5,1,0
BRDA:110,6,0,0
BRDA:110,6,1,0
BRDA:111,7,0,0
BRDA:111,7,1,0
BRDA:112,8,0,0
BRDA:112,8,1,0
BRDA:113,9,0,0
BRDA:113,9,1,0
BRDA:114,10,0,0
BRDA:114,10,1,0
BRDA:115,11,0,0
BRDA:115,11,1,0
BRDA:116,12,0,0
BRDA:116,12,1,0
BRDA:117,13,0,0
BRDA:117,13,1,0
BRDA:139,14,0,0
BRDA:139,14,1,0
BRDA:148,15,0,0
BRDA:148,15,1,0
BRDA:155,16,0,0
BRDA:155,16,1,0
BRF:34
BRH:0
end_of_record
TN:
SF:src\modules\users\user.controller.js
FN:12,(anonymous_0)
FN:26,(anonymous_1)
FNF:2
FNH:0
FNDA:0,(anonymous_0)
FNDA:0,(anonymous_1)
DA:3,7
DA:4,7
DA:5,7
DA:12,7
DA:14,0
DA:16,0
DA:26,7
DA:27,0
DA:29,0
DA:37,0
DA:42,7
LF:11
LH:6
BRF:0
BRH:0
end_of_record
TN:
SF:src\modules\users\user.routes.js
FNF:0
FNH:0
DA:3,7
DA:4,7
DA:6,7
DA:7,7
DA:8,7
DA:9,7
DA:10,7
DA:11,7
DA:16,7
DA:17,7
DA:20,7
DA:39,7
DA:80,7
DA:100,7
DA:152,7
DA:204,7
DA:230,7
DA:256,7
DA:258,7
LF:19
LH:19
BRF:0
BRH:0
end_of_record
TN:
SF:src\modules\users\user.service.js
FN:64,(anonymous_0)
FN:110,(anonymous_1)
FN:137,(anonymous_2)
FN:161,(anonymous_3)
FNF:4
FNH:0
FNDA:0,(anonymous_0)
FNDA:0,(anonymous_1)
FNDA:0,(anonymous_2)
FNDA:0,(anonymous_3)
DA:3,7
DA:4,7
DA:5,7
DA:13,7
DA:64,7
DA:66,0
DA:67,0
DA:69,0
DA:110,7
DA:111,0
DA:116,0
DA:117,0
DA:120,0
DA:137,7
DA:138,0
DA:141,0
DA:142,0
DA:145,0
DA:146,0
DA:151,0
DA:152,0
DA:153,0
DA:154,0
DA:155,0
DA:157,0
DA:158,0
DA:161,0
DA:162,0
DA:163,0
DA:169,0
DA:170,0
DA:178,0
DA:183,0
DA:186,7
LF:34
LH:8
BRDA:66,0,0,0
BRDA:66,0,1,0
BRDA:77,1,0,0
BRDA:77,1,1,0
BRDA:81,2,0,0
BRDA:81,2,1,0
BRDA:82,3,0,0
BRDA:82,3,1,0
BRDA:86,4,0,0
BRDA:86,4,1,0
BRDA:88,5,0,0
BRDA:88,5,1,0
BRDA:90,6,0,0
BRDA:90,6,1,0
BRDA:91,7,0,0
BRDA:91,7,1,0
BRDA:116,8,0,0
BRDA:116,8,1,0
BRDA:141,9,0,0
BRDA:141,9,1,0
BRDA:145,10,0,0
BRDA:145,10,1,0
BRDA:152,11,0,0
BRDA:152,11,1,0
BRDA:153,12,0,0
BRDA:153,12,1,0
BRDA:154,13,0,0
BRDA:154,13,1,0
BRDA:155,14,0,0
BRDA:155,14,1,0
BRDA:158,15,0,0
BRDA:158,15,1,0
BRDA:162,16,0,0
BRDA:162,16,1,0
BRDA:169,17,0,0
BRDA:169,17,1,0
BRF:36
BRH:0
end_of_record
TN:
SF:src\modules\wallets\wallet.controller.js
FN:7,(anonymous_0)
FNF:1
FNH:1
FNDA:5,(anonymous_0)
DA:3,7
DA:4,7
DA:5,7
DA:7,7
DA:8,5
DA:9,5
DA:12,7
LF:7
LH:7
BRF:0
BRH:0
end_of_record
TN:
SF:src\modules\wallets\wallet.routes.js
FNF:0
FNH:0
DA:3,7
DA:4,7
DA:6,7
DA:7,7
DA:8,7
DA:9,7
DA:29,7
DA:37,7
LF:8
LH:8
BRF:0
BRH:0
end_of_record
TN:
SF:src\modules\wallets\wallet.service.js
FN:14,(anonymous_0)
FN:22,(anonymous_1)
FN:47,(anonymous_2)
FN:51,(anonymous_3)
FN:88,(anonymous_4)
FN:92,(anonymous_5)
FNF:6
FNH:6
FNDA:5,(anonymous_0)
FNDA:5,(anonymous_1)
FNDA:12,(anonymous_2)
FNDA:12,(anonymous_3)
FNDA:4,(anonymous_4)
FNDA:4,(anonymous_5)
DA:3,7
DA:4,7
DA:5,7
DA:6,7
DA:7,7
DA:14,7
DA:15,5
DA:16,5
DA:17,0
DA:19,5
DA:22,7
DA:23,5
DA:25,5
DA:27,5
DA:37,5
DA:47,7
DA:48,12
DA:49,12
DA:51,12
DA:53,12
DA:54,12
DA:55,0
DA:59,12
DA:64,12
DA:65,12
DA:67,12
DA:80,12
DA:88,7
DA:89,4
DA:90,4
DA:92,4
DA:93,4
DA:94,4
DA:95,0
DA:99,4
DA:104,4
DA:107,4
DA:108,2
DA:111,2
DA:113,2
DA:126,2
DA:130,7
LF:42
LH:39
BRDA:16,0,0,0
BRDA:16,0,1,5
BRDA:22,1,0,0
BRDA:47,2,0,12
BRDA:49,3,0,0
BRDA:49,3,1,12
BRDA:54,4,0,0
BRDA:54,4,1,12
BRDA:88,5,0,4
BRDA:90,6,0,0
BRDA:90,6,1,4
BRDA:94,7,0,0
BRDA:94,7,1,4
BRDA:107,8,0,2
BRDA:107,8,1,2
BRF:15
BRH:9
end_of_record
TN:
SF:src\routes\index.js
FNF:0
FNH:0
DA:3,7
DA:18,7
DA:21,7
DA:22,7
DA:23,7
DA:24,7
DA:25,7
DA:26,7
DA:27,7
DA:28,7
DA:29,7
DA:30,7
DA:31,7
DA:34,7
DA:35,7
DA:36,7
DA:37,7
DA:38,7
DA:39,7
DA:40,7
DA:41,7
DA:42,7
DA:43,7
DA:44,7
DA:58,7
LF:25
LH:25
BRF:0
BRH:0
end_of_record
TN:
SF:src\utils\ApiResponse.js
FN:19,(anonymous_0)
FN:37,(anonymous_1)
FN:57,(anonymous_2)
FNF:3
FNH:3
FNDA:24,(anonymous_0)
FNDA:2,(anonymous_1)
FNDA:7,(anonymous_2)
DA:20,24
DA:21,24
DA:22,24
DA:23,24
DA:38,2
DA:39,2
DA:40,2
DA:42,2
DA:43,2
DA:45,2
DA:58,7
DA:59,7
DA:60,0
DA:62,7
DA:66,7
LF:15
LH:14
BRDA:22,0,0,24
BRDA:22,0,1,0
BRDA:22,1,0,24
BRDA:22,1,1,24
BRDA:37,2,0,2
BRDA:37,3,0,0
BRDA:37,4,0,0
BRDA:37,5,0,0
BRDA:39,6,0,2
BRDA:39,6,1,0
BRDA:42,7,0,2
BRDA:42,7,1,0
BRDA:57,8,0,0
BRDA:57,9,0,0
BRDA:57,10,0,0
BRDA:59,11,0,0
BRDA:59,11,1,7
BRF:17
BRH:7
end_of_record
TN:
SF:src\utils\AppError.js
FN:26,(anonymous_0)
FNF:1
FNH:1
FNDA:9,(anonymous_0)
DA:27,9
DA:29,9
DA:30,9
DA:31,9
DA:35,9
DA:39,7
LF:6
LH:6
BRDA:26,0,0,9
BRF:1
BRH:1
end_of_record
TN:
SF:src\utils\jwt.util.js
FN:13,(anonymous_0)
FN:31,(anonymous_1)
FNF:2
FNH:2
FNDA:1,(anonymous_0)
FNDA:28,(anonymous_1)
DA:3,7
DA:4,7
DA:5,7
DA:13,7
DA:14,1
DA:15,0
DA:18,1
DA:31,7
DA:32,28
DA:33,0
DA:36,28
DA:37,28
DA:39,0
DA:40,0
DA:42,0
DA:46,7
LF:16
LH:11
BRDA:14,0,0,0
BRDA:14,0,1,1
BRDA:32,1,0,0
BRDA:32,1,1,28
BRDA:39,2,0,0
BRDA:39,2,1,0
BRF:6
BRH:2
end_of_record
TN:
SF:src\utils\logger.js
FN:28,(anonymous_0)
FNF:1
FNH:0
FNDA:0,(anonymous_0)
DA:3,7
DA:4,7
DA:5,7
DA:21,7
DA:22,7
DA:25,7
DA:29,0
DA:30,0
DA:35,7
DA:43,7
DA:46,7
DA:54,7
DA:56,0
DA:70,0
DA:85,7
DA:93,7
LF:16
LH:12
BRDA:21,0,0,7
BRDA:21,0,1,0
BRDA:29,1,0,0
BRDA:29,1,1,0
BRDA:48,2,0,0
BRDA:48,2,1,7
BRDA:54,3,0,0
BRDA:54,3,1,7
BRF:8
BRH:3
end_of_record
TN:
SF:src\utils\pagination.util.js
FN:6,(anonymous_0)
FN:17,(anonymous_1)
FNF:2
FNH:2
FNDA:7,(anonymous_0)
FNDA:7,(anonymous_1)
DA:6,7
DA:7,7
DA:8,7
DA:9,7
DA:11,7
DA:17,7
DA:18,7
DA:29,7
LF:8
LH:8
BRDA:7,0,0,7
BRDA:7,0,1,7
BRDA:8,1,0,7
BRDA:8,1,1,7
BRF:4
BRH:4
end_of_record
TN:
SF:src\utils\password.util.js
FN:17,(anonymous_0)
FN:28,(anonymous_1)
FNF:2
FNH:2
FNDA:27,(anonymous_0)
FNDA:1,(anonymous_1)
DA:3,7
DA:4,7
DA:17,7
DA:18,27
DA:28,7
DA:29,1
DA:32,7
LF:7
LH:7
BRF:0
BRH:0
end_of_record
TN:
SF:src\utils\provider.util.js
FN:22,(anonymous_0)
FN:40,(anonymous_1)
FNF:2
FNH:1
FNDA:0,(anonymous_0)
FNDA:14,(anonymous_1)
DA:3,7
DA:4,7
DA:5,7
DA:22,7
DA:23,0
DA:27,0
DA:28,0
DA:30,0
DA:40,7
DA:41,14
DA:45,14
DA:48,7
LF:12
LH:8
BRDA:27,0,0,0
BRDA:27,0,1,0
BRDA:45,1,0,14
BRDA:45,1,1,0
BRF:4
BRH:1
end_of_record
TN:
SF:src\utils\sanitize.util.js
FN:15,(anonymous_0)
FN:27,(anonymous_1)
FNF:2
FNH:1
FNDA:0,(anonymous_0)
FNDA:4,(anonymous_1)
DA:15,7
DA:16,0
DA:19,0
DA:27,7
DA:28,4
DA:31,4
DA:34,7
LF:7
LH:5
BRDA:16,0,0,0
BRDA:16,0,1,0
BRDA:28,1,0,0
BRDA:28,1,1,4
BRF:4
BRH:1
end_of_record
TN:
SF:src\validations\address.validation.js
FNF:0
FNH:0
DA:3,7
DA:8,7
DA:18,7
DA:73,7
DA:136,7
LF:5
LH:5
BRF:0
BRH:0
end_of_record
TN:
SF:src\validations\admin.validation.js
FNF:0
FNH:0
DA:3,7
DA:6,7
DA:10,7
DA:14,7
DA:24,7
DA:31,7
LF:6
LH:6
BRF:0
BRH:0
end_of_record
TN:
SF:src\validations\auth.validation.js
FNF:0
FNH:0
DA:3,7
DA:5,7
DA:57,7
DA:62,7
LF:4
LH:4
BRF:0
BRH:0
end_of_record
TN:
SF:src\validations\availability.validation.js
FN:20,(anonymous_0)
FN:47,(anonymous_1)
FNF:2
FNH:0
FNDA:0,(anonymous_0)
FNDA:0,(anonymous_1)
DA:3,7
DA:4,7
DA:6,7
DA:8,7
DA:22,0
DA:23,0
DA:24,0
DA:25,0
DA:26,0
DA:27,0
DA:30,0
DA:38,7
DA:48,0
DA:49,0
DA:51,0
DA:59,7
DA:63,7
LF:17
LH:7
BRDA:23,0,0,0
BRDA:23,0,1,0
BRDA:26,1,0,0
BRDA:26,1,1,0
BRDA:26,2,0,0
BRDA:26,2,1,0
BRDA:48,3,0,0
BRDA:48,3,1,0
BRDA:48,4,0,0
BRDA:48,4,1,0
BRF:10
BRH:0
end_of_record
TN:
SF:src\validations\booking.validation.js
FN:19,(anonymous_0)
FNF:1
FNH:1
FNDA:8,(anonymous_0)
DA:3,7
DA:4,7
DA:6,7
DA:20,8
DA:21,0
DA:23,8
DA:36,7
DA:40,7
DA:48,7
LF:9
LH:8
BRDA:20,0,0,0
BRDA:20,0,1,8
BRF:2
BRH:1
end_of_record
TN:
SF:src\validations\bookingStatus.validation.js
FNF:0
FNH:0
DA:3,7
DA:4,7
DA:5,7
DA:7,7
DA:19,7
LF:5
LH:5
BRF:0
BRH:0
end_of_record
TN:
SF:src\validations\catalog.validation.js
FNF:0
FNH:0
DA:3,7
DA:5,7
DA:20,7
DA:26,7
LF:4
LH:4
BRF:0
BRH:0
end_of_record
TN:
SF:src\validations\dispute.validation.js
FNF:0
FNH:0
DA:3,7
DA:4,7
DA:6,7
DA:22,7
DA:26,7
DA:34,7
LF:6
LH:6
BRF:0
BRH:0
end_of_record
TN:
SF:src\validations\document.validation.js
FNF:0
FNH:0
DA:3,7
DA:5,7
DA:7,7
DA:11,7
DA:26,7
LF:5
LH:5
BRF:0
BRH:0
end_of_record
TN:
SF:src\validations\notification.validation.js
FNF:0
FNH:0
DA:3,7
DA:5,7
DA:11,7
DA:26,7
LF:4
LH:4
BRF:0
BRH:0
end_of_record
TN:
SF:src\validations\provider.validation.js
FNF:0
FNH:0
DA:3,7
DA:4,7
DA:14,7
DA:84,7
LF:4
LH:4
BRF:0
BRH:0
end_of_record
TN:
SF:src\validations\providerService.validation.js
FNF:0
FNH:0
DA:3,7
DA:5,7
DA:9,7
DA:27,7
DA:43,7
LF:5
LH:5
BRF:0
BRH:0
end_of_record
TN:
SF:src\validations\review.validation.js
FNF:0
FNH:0
DA:3,7
DA:4,7
DA:6,7
DA:22,7
DA:30,7
DA:34,7
DA:44,7
LF:7
LH:7
BRF:0
BRH:0
end_of_record
TN:
SF:src\validations\user.validation.js
FNF:0
FNH:0
DA:3,7
DA:14,7
DA:61,7
LF:3
LH:3
BRF:0
BRH:0
end_of_record
TN:
SF:src\validations\wallet.validation.js
FNF:0
FNH:0
DA:3,7
DA:9,7
DA:20,7
LF:3
LH:3
BRF:0
BRH:0
end_of_record
